#
# There is insufficient memory for the Java Runtime Environment to continue.
# Native memory allocation (malloc) failed to allocate 72656 bytes for Chunk::new
# Possible reasons:
#   The system is out of physical RAM or swap space
#   The process is running with CompressedOops enabled, and the Java Heap may be blocking the growth of the native heap
# Possible solutions:
#   Reduce memory load on the system
#   Increase physical memory or swap space
#   Check if swap backing store is full
#   Decrease Java heap size (-Xmx/-Xms)
#   Decrease number of Java threads
#   Decrease Java thread stack sizes (-Xss)
#   Set larger code cache with -XX:ReservedCodeCacheSize=
#   JVM is running with Zero Based Compressed Oops mode in which the Java heap is
#     placed in the first 32GB address space. The Java Heap base address is the
#     maximum limit for the native heap growth. Please use -XX:HeapBaseMinAddress
#     to set the Java Heap base and to place the Java Heap above 32GB virtual address.
# This output file may be truncated or incomplete.
#
#  Out of Memory Error (./open/src/hotspot/share/memory/arena.cpp:195), pid=15084, tid=9260
#
# JRE version: OpenJDK Runtime Environment (15.0.1+9) (build 15.0.1+9-18)
# Java VM: OpenJDK 64-Bit Server VM (15.0.1+9-18, mixed mode, sharing, tiered, compressed oops, g1 gc, windows-amd64)
# No core dump will be written. Minidumps are not enabled by default on client versions of Windows
#

---------------  S U M M A R Y ------------

Command Line: -Dfile.encoding=windows-1250 -Duser.country=PL -Duser.language=pl -Duser.variant com.example.mongodb.nbd.AccessMongoDB

Host: AMD Ryzen 5 1600 Six-Core Processor            , 12 cores, 15G,  Windows 10 , 64 bit Build 18362 (10.0.18362.1110)
Time: Sun Nov 15 01:50:57 2020 ?rodkowoeuropejski czas stand. elapsed time: 113.627844 seconds (0d 0h 1m 53s)

---------------  T H R E A D  ---------------

Current thread (0x000002229adc5cd0):  JavaThread "C2 CompilerThread0" daemon [_thread_in_native, id=9260, stack(0x000000d3e4700000,0x000000d3e4800000)]


Current CompileTask:
C2: 113634 6139  s    4       java.io.ByteArrayOutputStream::write (32 bytes)

Stack: [0x000000d3e4700000,0x000000d3e4800000]
Native frames: (J=compiled Java code, j=interpreted, Vv=VM code, C=native code)
V  [jvm.dll+0x62ae9a]
V  [jvm.dll+0x781389]
V  [jvm.dll+0x782ae3]
V  [jvm.dll+0x783143]
V  [jvm.dll+0x216265]
V  [jvm.dll+0x97efa]
V  [jvm.dll+0x985dc]
V  [jvm.dll+0x32e4c8]
V  [jvm.dll+0x2f78aa]
V  [jvm.dll+0x2f6c6a]
V  [jvm.dll+0x1ea645]
V  [jvm.dll+0x1e98ae]
V  [jvm.dll+0x1784c7]
V  [jvm.dll+0x1f9165]
V  [jvm.dll+0x1f720c]
V  [jvm.dll+0x74485d]
V  [jvm.dll+0x73d65a]
V  [jvm.dll+0x629c56]
C  [ucrtbase.dll+0x210b2]
C  [KERNEL32.DLL+0x17c24]
C  [ntdll.dll+0x6cea1]


---------------  P R O C E S S  ---------------

Threads class SMR info:
_java_thread_list=0x000002229c2a64c0, length=34, elements={
0x000002229ada5090, 0x000002229ada5c60, 0x000002229adc09b0, 0x000002229adc3380,
0x000002229adc4e40, 0x000002229adc5cd0, 0x000002229adc9d70, 0x000002229adde370,
0x000002229b79bbd0, 0x000002229b792ab0, 0x000002229e2320f0, 0x00000222a317dd10,
0x00000222a359bc30, 0x000002229fc6f030, 0x000002229c166750, 0x000002229c167a90,
0x000002229c1658e0, 0x000002229c164f40, 0x000002229c166280, 0x000002229c166c20,
0x00000222a0ffb750, 0x00000222a0ffa8e0, 0x00000222a0ff90d0, 0x00000222a0ff95a0,
0x00000222a0ff9f40, 0x00000222a0ff9a70, 0x00000222a0ffadb0, 0x00000222a0ffbc20,
0x00000222a0ffc0f0, 0x00000222a0ff8730, 0x00000222a0ffa410, 0x00000222a0ff8c00,
0x000002229f611890, 0x000002229f617da0
}

Java Threads: ( => current thread )
  0x000002229ada5090 JavaThread "Reference Handler" daemon [_thread_blocked, id=14560, stack(0x000000d3e4200000,0x000000d3e4300000)]
  0x000002229ada5c60 JavaThread "Finalizer" daemon [_thread_blocked, id=4244, stack(0x000000d3e4300000,0x000000d3e4400000)]
  0x000002229adc09b0 JavaThread "Signal Dispatcher" daemon [_thread_blocked, id=2996, stack(0x000000d3e4400000,0x000000d3e4500000)]
  0x000002229adc3380 JavaThread "Attach Listener" daemon [_thread_blocked, id=16520, stack(0x000000d3e4500000,0x000000d3e4600000)]
  0x000002229adc4e40 JavaThread "Service Thread" daemon [_thread_blocked, id=15320, stack(0x000000d3e4600000,0x000000d3e4700000)]
=>0x000002229adc5cd0 JavaThread "C2 CompilerThread0" daemon [_thread_in_native, id=9260, stack(0x000000d3e4700000,0x000000d3e4800000)]
  0x000002229adc9d70 JavaThread "C1 CompilerThread0" daemon [_thread_blocked, id=19000, stack(0x000000d3e4800000,0x000000d3e4900000)]
  0x000002229adde370 JavaThread "Sweeper thread" daemon [_thread_blocked, id=3380, stack(0x000000d3e4900000,0x000000d3e4a00000)]
  0x000002229b79bbd0 JavaThread "Notification Thread" daemon [_thread_blocked, id=6316, stack(0x000000d3e4a00000,0x000000d3e4b00000)]
  0x000002229b792ab0 JavaThread "Common-Cleaner" daemon [_thread_blocked, id=18420, stack(0x000000d3e4c00000,0x000000d3e4d00000)]
  0x000002229e2320f0 JavaThread "Catalina-utility-1" [_thread_blocked, id=6784, stack(0x000000d3e5600000,0x000000d3e5700000)]
  0x00000222a317dd10 JavaThread "Catalina-utility-2" [_thread_blocked, id=18972, stack(0x000000d3e5700000,0x000000d3e5800000)]
  0x00000222a359bc30 JavaThread "container-0" [_thread_blocked, id=21820, stack(0x000000d3e5800000,0x000000d3e5900000)]
  0x000002229fc6f030 JavaThread "Thread-1" daemon [_thread_in_native, id=6396, stack(0x000000d3e5900000,0x000000d3e5a00000)]
  0x000002229c166750 JavaThread "cluster-ClusterId{value='5fb07b02de70087d82434774', description='null'}-nbd-shard-00-02.1pmku.mongodb.net:27017" daemon [_thread_blocked, id=21632, stack(0x000000d3e5d00000,0x000000d3e5e00000)]
  0x000002229c167a90 JavaThread "cluster-rtt-ClusterId{value='5fb07b02de70087d82434774', description='null'}-nbd-shard-00-02.1pmku.mongodb.net:27017" daemon [_thread_blocked, id=15984, stack(0x000000d3e5e00000,0x000000d3e5f00000)]
  0x000002229c1658e0 JavaThread "cluster-ClusterId{value='5fb07b02de70087d82434774', description='null'}-nbd-shard-00-00.1pmku.mongodb.net:27017" daemon [_thread_blocked, id=3652, stack(0x000000d3e5f00000,0x000000d3e6000000)]
  0x000002229c164f40 JavaThread "cluster-rtt-ClusterId{value='5fb07b02de70087d82434774', description='null'}-nbd-shard-00-00.1pmku.mongodb.net:27017" daemon [_thread_blocked, id=16972, stack(0x000000d3e6000000,0x000000d3e6100000)]
  0x000002229c166280 JavaThread "cluster-ClusterId{value='5fb07b02de70087d82434774', description='null'}-nbd-shard-00-01.1pmku.mongodb.net:27017" daemon [_thread_blocked, id=21668, stack(0x000000d3e6100000,0x000000d3e6200000)]
  0x000002229c166c20 JavaThread "cluster-rtt-ClusterId{value='5fb07b02de70087d82434774', description='null'}-nbd-shard-00-01.1pmku.mongodb.net:27017" daemon [_thread_blocked, id=2316, stack(0x000000d3e6200000,0x000000d3e6300000)]
  0x00000222a0ffb750 JavaThread "http-nio-8080-BlockPoller" daemon [_thread_in_native, id=17280, stack(0x000000d3e6400000,0x000000d3e6500000)]
  0x00000222a0ffa8e0 JavaThread "http-nio-8080-exec-1" daemon [_thread_blocked, id=21564, stack(0x000000d3e6500000,0x000000d3e6600000)]
  0x00000222a0ff90d0 JavaThread "http-nio-8080-exec-2" daemon [_thread_blocked, id=14296, stack(0x000000d3e6600000,0x000000d3e6700000)]
  0x00000222a0ff95a0 JavaThread "http-nio-8080-exec-3" daemon [_thread_blocked, id=13064, stack(0x000000d3e6700000,0x000000d3e6800000)]
  0x00000222a0ff9f40 JavaThread "http-nio-8080-exec-4" daemon [_thread_blocked, id=18996, stack(0x000000d3e6800000,0x000000d3e6900000)]
  0x00000222a0ff9a70 JavaThread "http-nio-8080-exec-5" daemon [_thread_blocked, id=20276, stack(0x000000d3e6900000,0x000000d3e6a00000)]
  0x00000222a0ffadb0 JavaThread "http-nio-8080-exec-6" daemon [_thread_blocked, id=8376, stack(0x000000d3e6a00000,0x000000d3e6b00000)]
  0x00000222a0ffbc20 JavaThread "http-nio-8080-exec-7" daemon [_thread_blocked, id=20940, stack(0x000000d3e6b00000,0x000000d3e6c00000)]
  0x00000222a0ffc0f0 JavaThread "http-nio-8080-exec-8" daemon [_thread_blocked, id=22176, stack(0x000000d3e6c00000,0x000000d3e6d00000)]
  0x00000222a0ff8730 JavaThread "http-nio-8080-exec-9" daemon [_thread_blocked, id=8604, stack(0x000000d3e6d00000,0x000000d3e6e00000)]
  0x00000222a0ffa410 JavaThread "http-nio-8080-exec-10" daemon [_thread_blocked, id=7372, stack(0x000000d3e6e00000,0x000000d3e6f00000)]
  0x00000222a0ff8c00 JavaThread "http-nio-8080-ClientPoller" daemon [_thread_in_native, id=18876, stack(0x000000d3e6f00000,0x000000d3e7000000)]
  0x000002229f611890 JavaThread "http-nio-8080-Acceptor" daemon [_thread_in_native, id=15572, stack(0x000000d3e7000000,0x000000d3e7100000)]
  0x000002229f617da0 JavaThread "DestroyJavaVM" [_thread_blocked, id=14660, stack(0x000000d3e3b00000,0x000000d3e3c00000)]

Other Threads:
  0x000002229ada2200 VMThread "VM Thread" [stack: 0x000000d3e4100000,0x000000d3e4200000] [id=22328]
  0x000002229b792600 WatcherThread [stack: 0x000000d3e4b00000,0x000000d3e4c00000] [id=1376]
  0x00000222f5200c10 GCTaskThread "GC Thread#0" [stack: 0x000000d3e3c00000,0x000000d3e3d00000] [id=4776]
  0x000002229bbc1b20 GCTaskThread "GC Thread#1" [stack: 0x000000d3e4f00000,0x000000d3e5000000] [id=22456]
  0x000002229bbc1e50 GCTaskThread "GC Thread#2" [stack: 0x000000d3e5000000,0x000000d3e5100000] [id=21900]
  0x000002229bbc17f0 GCTaskThread "GC Thread#3" [stack: 0x000000d3e5100000,0x000000d3e5200000] [id=12952]
  0x000002229bbc27e0 GCTaskThread "GC Thread#4" [stack: 0x000000d3e5200000,0x000000d3e5300000] [id=8384]
  0x000002229bbc01a0 GCTaskThread "GC Thread#5" [stack: 0x000000d3e5300000,0x000000d3e5400000] [id=17460]
  0x000002229e232e90 GCTaskThread "GC Thread#6" [stack: 0x000000d3e5b00000,0x000000d3e5c00000] [id=22060]
  0x000002229e234b40 GCTaskThread "GC Thread#7" [stack: 0x000000d3e5c00000,0x000000d3e5d00000] [id=5676]
  0x000002229e2334f0 GCTaskThread "GC Thread#8" [stack: 0x000000d3e7100000,0x000000d3e7200000] [id=19528]
  0x000002229e2341b0 GCTaskThread "GC Thread#9" [stack: 0x000000d3e7200000,0x000000d3e7300000] [id=18616]
  0x00000222f5211cb0 ConcurrentGCThread "G1 Main Marker" [stack: 0x000000d3e3d00000,0x000000d3e3e00000] [id=20648]
  0x00000222f5213040 ConcurrentGCThread "G1 Conc#0" [stack: 0x000000d3e3e00000,0x000000d3e3f00000] [id=19472]
  0x000002229bbc24b0 ConcurrentGCThread "G1 Conc#1" [stack: 0x000000d3e5400000,0x000000d3e5500000] [id=22084]
  0x000002229bbc14c0 ConcurrentGCThread "G1 Conc#2" [stack: 0x000000d3e5500000,0x000000d3e5600000] [id=21776]
  0x00000222f525dd10 ConcurrentGCThread "G1 Refine#0" [stack: 0x000000d3e3f00000,0x000000d3e4000000] [id=16248]
  0x000002229d0e0620 ConcurrentGCThread "G1 Refine#1" [stack: 0x000000d3e7300000,0x000000d3e7400000] [id=19272]
  0x000002229d0e1700 ConcurrentGCThread "G1 Refine#2" [stack: 0x000000d3e7400000,0x000000d3e7500000] [id=17356]
  0x000002229d0e2120 ConcurrentGCThread "G1 Refine#3" [stack: 0x000000d3e7500000,0x000000d3e7600000] [id=21788]
  0x000002229d0e0980 ConcurrentGCThread "G1 Refine#4" [stack: 0x000000d3e7600000,0x000000d3e7700000] [id=7764]
  0x00000222f525e910 ConcurrentGCThread "G1 Young RemSet Sampling" [stack: 0x000000d3e4000000,0x000000d3e4100000] [id=10216]

Threads with active compile tasks:
C2 CompilerThread0   113745 6139  s    4       java.io.ByteArrayOutputStream::write (32 bytes)

VM state: not at safepoint (normal execution)

VM Mutex/Monitor currently owned by a thread: None

Heap address: 0x0000000700a00000, size: 4086 MB, Compressed Oops mode: Zero based, Oop shift amount: 3
CDS archive(s) mapped at: [0x0000000800000000-0x0000000800b50000-0x0000000800b50000), size 11862016, SharedBaseAddress: 0x0000000800000000, ArchiveRelocationMode: 0.
Compressed class space mapped at: 0x0000000800b50000-0x0000000840b50000, size: 1073741824
Narrow klass base: 0x0000000800000000, Narrow klass shift: 3, Narrow klass range: 0x100000000

GC Precious Log:
 CPUs: 12 total, 12 available
 Memory: 16339M
 Large Page Support: Disabled
 NUMA Support: Disabled
 Compressed Oops: Enabled (Zero based)
 Heap Region Size: 2M
 Heap Min Capacity: 8M
 Heap Initial Capacity: 256M
 Heap Max Capacity: 4086M
 Pre-touch: Disabled
 Parallel Workers: 10
 Concurrent Workers: 3
 Concurrent Refinement Workers: 10
 Periodic GC: Disabled

Heap:
 garbage-first heap   total 620544K, used 357630K [0x0000000700a00000, 0x0000000800000000)
  region size 2048K, 68 young (139264K), 2 survivors (4096K)
 Metaspace       used 45826K, capacity 46297K, committed 46512K, reserved 1089536K
  class space    used 5615K, capacity 5766K, committed 5888K, reserved 1048576K

Heap Regions: E=young(eden), S=young(survivor), O=old, HS=humongous(starts), HC=humongous(continues), CS=collection set, F=free, OA=open archive, CA=closed archive, TAMS=top-at-mark-start (previous, next)
|   0|0x0000000700a00000, 0x0000000700c00000, 0x0000000700c00000|100%| O|  |TAMS 0x0000000700c00000, 0x0000000700a00000| Untracked 
|   1|0x0000000700c00000, 0x0000000700e00000, 0x0000000700e00000|100%| O|  |TAMS 0x0000000700e00000, 0x0000000700c00000| Untracked 
|   2|0x0000000700e00000, 0x0000000700e00000, 0x0000000701000000|  0%| F|  |TAMS 0x0000000700e00000, 0x0000000700e00000| Untracked 
|   3|0x0000000701000000, 0x0000000701200000, 0x0000000701200000|100%| O|  |TAMS 0x0000000701200000, 0x0000000701000000| Untracked 
|   4|0x0000000701200000, 0x0000000701400000, 0x0000000701400000|100%| O|  |TAMS 0x0000000701400000, 0x0000000701200000| Untracked 
|   5|0x0000000701400000, 0x0000000701400000, 0x0000000701600000|  0%| F|  |TAMS 0x0000000701400000, 0x0000000701400000| Untracked 
|   6|0x0000000701600000, 0x0000000701600000, 0x0000000701800000|  0%| F|  |TAMS 0x0000000701600000, 0x0000000701600000| Untracked 
|   7|0x0000000701800000, 0x0000000701a00000, 0x0000000701a00000|100%| O|  |TAMS 0x0000000701a00000, 0x0000000701800000| Untracked 
|   8|0x0000000701a00000, 0x0000000701c00000, 0x0000000701c00000|100%| O|  |TAMS 0x0000000701c00000, 0x0000000701a00000| Untracked 
|   9|0x0000000701c00000, 0x0000000701e00000, 0x0000000701e00000|100%| O|  |TAMS 0x0000000701e00000, 0x0000000701c00000| Untracked 
|  10|0x0000000701e00000, 0x0000000701e00000, 0x0000000702000000|  0%| F|  |TAMS 0x0000000701e00000, 0x0000000701e00000| Untracked 
|  11|0x0000000702000000, 0x0000000702000000, 0x0000000702200000|  0%| F|  |TAMS 0x0000000702000000, 0x0000000702000000| Untracked 
|  12|0x0000000702200000, 0x0000000702400000, 0x0000000702400000|100%|HS|  |TAMS 0x0000000702400000, 0x0000000702200000| Complete 
|  13|0x0000000702400000, 0x0000000702600000, 0x0000000702600000|100%|HC|  |TAMS 0x0000000702600000, 0x0000000702400000| Complete 
|  14|0x0000000702600000, 0x0000000702800000, 0x0000000702800000|100%|HC|  |TAMS 0x0000000702800000, 0x0000000702600000| Complete 
|  15|0x0000000702800000, 0x0000000702a00000, 0x0000000702a00000|100%|HC|  |TAMS 0x0000000702a00000, 0x0000000702800000| Complete 
|  16|0x0000000702a00000, 0x0000000702c00000, 0x0000000702c00000|100%|HC|  |TAMS 0x0000000702c00000, 0x0000000702a00000| Complete 
|  17|0x0000000702c00000, 0x0000000702e00000, 0x0000000702e00000|100%|HC|  |TAMS 0x0000000702e00000, 0x0000000702c00000| Complete 
|  18|0x0000000702e00000, 0x0000000703000000, 0x0000000703000000|100%|HC|  |TAMS 0x0000000703000000, 0x0000000702e00000| Complete 
|  19|0x0000000703000000, 0x0000000703200000, 0x0000000703200000|100%|HC|  |TAMS 0x0000000703200000, 0x0000000703000000| Complete 
|  20|0x0000000703200000, 0x0000000703400000, 0x0000000703400000|100%|HC|  |TAMS 0x0000000703400000, 0x0000000703200000| Complete 
|  21|0x0000000703400000, 0x0000000703400000, 0x0000000703600000|  0%| F|  |TAMS 0x0000000703400000, 0x0000000703400000| Untracked 
|  22|0x0000000703600000, 0x0000000703800000, 0x0000000703800000|100%| O|  |TAMS 0x0000000703600000, 0x0000000703600000| Untracked 
|  23|0x0000000703800000, 0x0000000703a00000, 0x0000000703a00000|100%| O|  |TAMS 0x0000000703800000, 0x0000000703800000| Untracked 
|  24|0x0000000703a00000, 0x0000000703c00000, 0x0000000703c00000|100%| O|  |TAMS 0x0000000703a00000, 0x0000000703a00000| Untracked 
|  25|0x0000000703c00000, 0x0000000703c00000, 0x0000000703e00000|  0%| F|  |TAMS 0x0000000703c00000, 0x0000000703c00000| Untracked 
|  26|0x0000000703e00000, 0x0000000704000000, 0x0000000704000000|100%| O|  |TAMS 0x0000000703e00000, 0x0000000703e00000| Untracked 
|  27|0x0000000704000000, 0x0000000704000000, 0x0000000704200000|  0%| F|  |TAMS 0x0000000704000000, 0x0000000704000000| Untracked 
|  28|0x0000000704200000, 0x0000000704400000, 0x0000000704400000|100%| O|  |TAMS 0x0000000704200000, 0x0000000704200000| Untracked 
|  29|0x0000000704400000, 0x0000000704400000, 0x0000000704600000|  0%| F|  |TAMS 0x0000000704400000, 0x0000000704400000| Untracked 
|  30|0x0000000704600000, 0x0000000704600000, 0x0000000704800000|  0%| F|  |TAMS 0x0000000704600000, 0x0000000704600000| Untracked 
|  31|0x0000000704800000, 0x0000000704a00000, 0x0000000704a00000|100%| O|  |TAMS 0x0000000704800000, 0x0000000704800000| Untracked 
|  32|0x0000000704a00000, 0x0000000704c00000, 0x0000000704c00000|100%| O|  |TAMS 0x0000000704a00000, 0x0000000704a00000| Untracked 
|  33|0x0000000704c00000, 0x0000000704e00000, 0x0000000704e00000|100%| O|  |TAMS 0x0000000704c00000, 0x0000000704c00000| Untracked 
|  34|0x0000000704e00000, 0x0000000705000000, 0x0000000705000000|100%| O|  |TAMS 0x0000000704e00000, 0x0000000704e00000| Untracked 
|  35|0x0000000705000000, 0x0000000705200000, 0x0000000705200000|100%| O|  |TAMS 0x0000000705000000, 0x0000000705000000| Untracked 
|  36|0x0000000705200000, 0x0000000705400000, 0x0000000705400000|100%| O|  |TAMS 0x0000000705200000, 0x0000000705200000| Untracked 
|  37|0x0000000705400000, 0x0000000705600000, 0x0000000705600000|100%| O|  |TAMS 0x0000000705400000, 0x0000000705400000| Untracked 
|  38|0x0000000705600000, 0x0000000705800000, 0x0000000705800000|100%| O|  |TAMS 0x0000000705600000, 0x0000000705600000| Untracked 
|  39|0x0000000705800000, 0x0000000705800000, 0x0000000705a00000|  0%| F|  |TAMS 0x0000000705800000, 0x0000000705800000| Untracked 
|  40|0x0000000705a00000, 0x0000000705c00000, 0x0000000705c00000|100%| O|  |TAMS 0x0000000705a00000, 0x0000000705a00000| Untracked 
|  41|0x0000000705c00000, 0x0000000705e00000, 0x0000000705e00000|100%| O|  |TAMS 0x0000000705c00000, 0x0000000705c00000| Untracked 
|  42|0x0000000705e00000, 0x0000000705e00000, 0x0000000706000000|  0%| F|  |TAMS 0x0000000705e00000, 0x0000000705e00000| Untracked 
|  43|0x0000000706000000, 0x0000000706200000, 0x0000000706200000|100%| O|  |TAMS 0x0000000706000000, 0x0000000706000000| Untracked 
|  44|0x0000000706200000, 0x0000000706200000, 0x0000000706400000|  0%| F|  |TAMS 0x0000000706200000, 0x0000000706200000| Untracked 
|  45|0x0000000706400000, 0x0000000706600000, 0x0000000706600000|100%| O|  |TAMS 0x0000000706400000, 0x0000000706400000| Untracked 
|  46|0x0000000706600000, 0x000000070673f800, 0x0000000706800000| 62%| O|  |TAMS 0x0000000706600000, 0x0000000706600000| Untracked 
|  47|0x0000000706800000, 0x0000000706a00000, 0x0000000706a00000|100%|HS|  |TAMS 0x0000000706800000, 0x0000000706800000| Complete 
|  48|0x0000000706a00000, 0x0000000706c00000, 0x0000000706c00000|100%|HC|  |TAMS 0x0000000706a00000, 0x0000000706a00000| Complete 
|  49|0x0000000706c00000, 0x0000000706e00000, 0x0000000706e00000|100%|HC|  |TAMS 0x0000000706c00000, 0x0000000706c00000| Complete 
|  50|0x0000000706e00000, 0x0000000707000000, 0x0000000707000000|100%|HC|  |TAMS 0x0000000706e00000, 0x0000000706e00000| Complete 
|  51|0x0000000707000000, 0x0000000707200000, 0x0000000707200000|100%|HC|  |TAMS 0x0000000707000000, 0x0000000707000000| Complete 
|  52|0x0000000707200000, 0x0000000707200000, 0x0000000707400000|  0%| F|  |TAMS 0x0000000707200000, 0x0000000707200000| Untracked 
|  53|0x0000000707400000, 0x0000000707400000, 0x0000000707600000|  0%| F|  |TAMS 0x0000000707400000, 0x0000000707400000| Untracked 
|  54|0x0000000707600000, 0x0000000707600000, 0x0000000707800000|  0%| F|  |TAMS 0x0000000707600000, 0x0000000707600000| Untracked 
|  55|0x0000000707800000, 0x0000000707800000, 0x0000000707a00000|  0%| F|  |TAMS 0x0000000707800000, 0x0000000707800000| Untracked 
|  56|0x0000000707a00000, 0x0000000707a00000, 0x0000000707c00000|  0%| F|  |TAMS 0x0000000707a00000, 0x0000000707a00000| Untracked 
|  57|0x0000000707c00000, 0x0000000707c00000, 0x0000000707e00000|  0%| F|  |TAMS 0x0000000707c00000, 0x0000000707c00000| Untracked 
|  58|0x0000000707e00000, 0x0000000707e00000, 0x0000000708000000|  0%| F|  |TAMS 0x0000000707e00000, 0x0000000707e00000| Untracked 
|  59|0x0000000708000000, 0x0000000708000000, 0x0000000708200000|  0%| F|  |TAMS 0x0000000708000000, 0x0000000708000000| Untracked 
|  60|0x0000000708200000, 0x0000000708200000, 0x0000000708400000|  0%| F|  |TAMS 0x0000000708200000, 0x0000000708200000| Untracked 
|  61|0x0000000708400000, 0x0000000708400000, 0x0000000708600000|  0%| F|  |TAMS 0x0000000708400000, 0x0000000708400000| Untracked 
|  62|0x0000000708600000, 0x0000000708600000, 0x0000000708800000|  0%| F|  |TAMS 0x0000000708600000, 0x0000000708600000| Untracked 
|  63|0x0000000708800000, 0x0000000708800000, 0x0000000708a00000|  0%| F|  |TAMS 0x0000000708800000, 0x0000000708800000| Untracked 
|  64|0x0000000708a00000, 0x0000000708a00000, 0x0000000708c00000|  0%| F|  |TAMS 0x0000000708a00000, 0x0000000708a00000| Untracked 
|  65|0x0000000708c00000, 0x0000000708c00000, 0x0000000708e00000|  0%| F|  |TAMS 0x0000000708c00000, 0x0000000708c00000| Untracked 
|  66|0x0000000708e00000, 0x0000000708e00000, 0x0000000709000000|  0%| F|  |TAMS 0x0000000708e00000, 0x0000000708e00000| Untracked 
|  67|0x0000000709000000, 0x0000000709000000, 0x0000000709200000|  0%| F|  |TAMS 0x0000000709000000, 0x0000000709000000| Untracked 
|  68|0x0000000709200000, 0x0000000709400000, 0x0000000709400000|100%| O|  |TAMS 0x0000000709400000, 0x0000000709200000| Untracked 
|  69|0x0000000709400000, 0x0000000709600000, 0x0000000709600000|100%| O|  |TAMS 0x0000000709600000, 0x0000000709400000| Untracked 
|  70|0x0000000709600000, 0x0000000709800000, 0x0000000709800000|100%| O|  |TAMS 0x0000000709800000, 0x0000000709600000| Untracked 
|  71|0x0000000709800000, 0x0000000709a00000, 0x0000000709a00000|100%| O|  |TAMS 0x0000000709a00000, 0x0000000709800000| Untracked 
|  72|0x0000000709a00000, 0x0000000709c00000, 0x0000000709c00000|100%| O|  |TAMS 0x0000000709c00000, 0x0000000709a00000| Untracked 
|  73|0x0000000709c00000, 0x0000000709c00000, 0x0000000709e00000|  0%| F|  |TAMS 0x0000000709c00000, 0x0000000709c00000| Untracked 
|  74|0x0000000709e00000, 0x0000000709e00000, 0x000000070a000000|  0%| F|  |TAMS 0x0000000709e00000, 0x0000000709e00000| Untracked 
|  75|0x000000070a000000, 0x000000070a200000, 0x000000070a200000|100%| O|  |TAMS 0x000000070a000000, 0x000000070a000000| Untracked 
|  76|0x000000070a200000, 0x000000070a400000, 0x000000070a400000|100%| O|  |TAMS 0x000000070a200000, 0x000000070a200000| Untracked 
|  77|0x000000070a400000, 0x000000070a600000, 0x000000070a600000|100%| O|  |TAMS 0x000000070a400000, 0x000000070a400000| Untracked 
|  78|0x000000070a600000, 0x000000070a800000, 0x000000070a800000|100%| O|  |TAMS 0x000000070a600000, 0x000000070a600000| Untracked 
|  79|0x000000070a800000, 0x000000070aa00000, 0x000000070aa00000|100%| O|  |TAMS 0x000000070a800000, 0x000000070a800000| Untracked 
|  80|0x000000070aa00000, 0x000000070ac00000, 0x000000070ac00000|100%| O|  |TAMS 0x000000070aa00000, 0x000000070aa00000| Untracked 
|  81|0x000000070ac00000, 0x000000070ae00000, 0x000000070ae00000|100%| O|  |TAMS 0x000000070ac00000, 0x000000070ac00000| Untracked 
|  82|0x000000070ae00000, 0x000000070b000000, 0x000000070b000000|100%| O|  |TAMS 0x000000070ae00000, 0x000000070ae00000| Untracked 
|  83|0x000000070b000000, 0x000000070b200000, 0x000000070b200000|100%| O|  |TAMS 0x000000070b000000, 0x000000070b000000| Untracked 
|  84|0x000000070b200000, 0x000000070b400000, 0x000000070b400000|100%| O|  |TAMS 0x000000070b200000, 0x000000070b200000| Untracked 
|  85|0x000000070b400000, 0x000000070b600000, 0x000000070b600000|100%| O|  |TAMS 0x000000070b400000, 0x000000070b400000| Untracked 
|  86|0x000000070b600000, 0x000000070b800000, 0x000000070b800000|100%| O|  |TAMS 0x000000070b600000, 0x000000070b600000| Untracked 
|  87|0x000000070b800000, 0x000000070ba00000, 0x000000070ba00000|100%| O|  |TAMS 0x000000070b800000, 0x000000070b800000| Untracked 
|  88|0x000000070ba00000, 0x000000070bc00000, 0x000000070bc00000|100%| O|  |TAMS 0x000000070ba00000, 0x000000070ba00000| Untracked 
|  89|0x000000070bc00000, 0x000000070be00000, 0x000000070be00000|100%| O|  |TAMS 0x000000070bc00000, 0x000000070bc00000| Untracked 
|  90|0x000000070be00000, 0x000000070c000000, 0x000000070c000000|100%| O|  |TAMS 0x000000070be00000, 0x000000070be00000| Untracked 
|  91|0x000000070c000000, 0x000000070c200000, 0x000000070c200000|100%| O|  |TAMS 0x000000070c000000, 0x000000070c000000| Untracked 
|  92|0x000000070c200000, 0x000000070c400000, 0x000000070c400000|100%| O|  |TAMS 0x000000070c200000, 0x000000070c200000| Untracked 
|  93|0x000000070c400000, 0x000000070c600000, 0x000000070c600000|100%| O|  |TAMS 0x000000070c400000, 0x000000070c400000| Untracked 
|  94|0x000000070c600000, 0x000000070c800000, 0x000000070c800000|100%| O|  |TAMS 0x000000070c600000, 0x000000070c600000| Untracked 
|  95|0x000000070c800000, 0x000000070ca00000, 0x000000070ca00000|100%| O|  |TAMS 0x000000070c800000, 0x000000070c800000| Untracked 
|  96|0x000000070ca00000, 0x000000070cc00000, 0x000000070cc00000|100%| O|  |TAMS 0x000000070ca00000, 0x000000070ca00000| Untracked 
|  97|0x000000070cc00000, 0x000000070ce00000, 0x000000070ce00000|100%| O|  |TAMS 0x000000070cc00000, 0x000000070cc00000| Untracked 
|  98|0x000000070ce00000, 0x000000070d000000, 0x000000070d000000|100%| O|  |TAMS 0x000000070ce00000, 0x000000070ce00000| Untracked 
|  99|0x000000070d000000, 0x000000070d200000, 0x000000070d200000|100%| O|  |TAMS 0x000000070d000000, 0x000000070d000000| Untracked 
| 100|0x000000070d200000, 0x000000070d400000, 0x000000070d400000|100%| O|  |TAMS 0x000000070d200000, 0x000000070d200000| Untracked 
| 101|0x000000070d400000, 0x000000070d600000, 0x000000070d600000|100%| O|  |TAMS 0x000000070d400000, 0x000000070d400000| Untracked 
| 102|0x000000070d600000, 0x000000070d800000, 0x000000070d800000|100%| O|  |TAMS 0x000000070d600000, 0x000000070d600000| Untracked 
| 103|0x000000070d800000, 0x000000070da00000, 0x000000070da00000|100%| O|  |TAMS 0x000000070d800000, 0x000000070d800000| Untracked 
| 104|0x000000070da00000, 0x000000070dc00000, 0x000000070dc00000|100%| O|  |TAMS 0x000000070da00000, 0x000000070da00000| Untracked 
| 105|0x000000070dc00000, 0x000000070de00000, 0x000000070de00000|100%| O|  |TAMS 0x000000070dc00000, 0x000000070dc00000| Untracked 
| 106|0x000000070de00000, 0x000000070e000000, 0x000000070e000000|100%| O|  |TAMS 0x000000070de00000, 0x000000070de00000| Untracked 
| 107|0x000000070e000000, 0x000000070e200000, 0x000000070e200000|100%| O|  |TAMS 0x000000070e000000, 0x000000070e000000| Untracked 
| 108|0x000000070e200000, 0x000000070e400000, 0x000000070e400000|100%| O|  |TAMS 0x000000070e200000, 0x000000070e200000| Untracked 
| 109|0x000000070e400000, 0x000000070e600000, 0x000000070e600000|100%| O|  |TAMS 0x000000070e400000, 0x000000070e400000| Untracked 
| 110|0x000000070e600000, 0x000000070e800000, 0x000000070e800000|100%| O|  |TAMS 0x000000070e600000, 0x000000070e600000| Untracked 
| 111|0x000000070e800000, 0x000000070ea00000, 0x000000070ea00000|100%| O|  |TAMS 0x000000070e800000, 0x000000070e800000| Untracked 
| 112|0x000000070ea00000, 0x000000070ec00000, 0x000000070ec00000|100%| O|  |TAMS 0x000000070ea00000, 0x000000070ea00000| Untracked 
| 113|0x000000070ec00000, 0x000000070ee00000, 0x000000070ee00000|100%| O|  |TAMS 0x000000070ec00000, 0x000000070ec00000| Untracked 
| 114|0x000000070ee00000, 0x000000070f000000, 0x000000070f000000|100%| O|  |TAMS 0x000000070ee00000, 0x000000070ee00000| Untracked 
| 115|0x000000070f000000, 0x000000070f200000, 0x000000070f200000|100%| O|  |TAMS 0x000000070f000000, 0x000000070f000000| Untracked 
| 116|0x000000070f200000, 0x000000070f400000, 0x000000070f400000|100%| O|  |TAMS 0x000000070f200000, 0x000000070f200000| Untracked 
| 117|0x000000070f400000, 0x000000070f600000, 0x000000070f600000|100%| O|  |TAMS 0x000000070f400000, 0x000000070f400000| Untracked 
| 118|0x000000070f600000, 0x000000070f800000, 0x000000070f800000|100%| O|  |TAMS 0x000000070f600000, 0x000000070f600000| Untracked 
| 119|0x000000070f800000, 0x000000070fa00000, 0x000000070fa00000|100%| O|  |TAMS 0x000000070f800000, 0x000000070f800000| Untracked 
| 120|0x000000070fa00000, 0x000000070fc00000, 0x000000070fc00000|100%| O|  |TAMS 0x000000070fa00000, 0x000000070fa00000| Untracked 
| 121|0x000000070fc00000, 0x000000070fe00000, 0x000000070fe00000|100%| O|  |TAMS 0x000000070fc00000, 0x000000070fc00000| Untracked 
| 122|0x000000070fe00000, 0x0000000710000000, 0x0000000710000000|100%| O|  |TAMS 0x000000070fe00000, 0x000000070fe00000| Untracked 
| 123|0x0000000710000000, 0x0000000710200000, 0x0000000710200000|100%| O|  |TAMS 0x0000000710000000, 0x0000000710000000| Untracked 
| 124|0x0000000710200000, 0x0000000710400000, 0x0000000710400000|100%| O|  |TAMS 0x0000000710200000, 0x0000000710200000| Untracked 
| 125|0x0000000710400000, 0x0000000710600000, 0x0000000710600000|100%| O|  |TAMS 0x0000000710400000, 0x0000000710400000| Untracked 
| 126|0x0000000710600000, 0x0000000710800000, 0x0000000710800000|100%| O|  |TAMS 0x0000000710600000, 0x0000000710600000| Untracked 
| 127|0x0000000710800000, 0x0000000710a00000, 0x0000000710a00000|100%| O|  |TAMS 0x0000000710800000, 0x0000000710800000| Untracked 
| 128|0x0000000710a00000, 0x0000000710c00000, 0x0000000710c00000|100%| O|  |TAMS 0x0000000710a00000, 0x0000000710a00000| Untracked 
| 129|0x0000000710c00000, 0x0000000710e00000, 0x0000000710e00000|100%| O|  |TAMS 0x0000000710c00000, 0x0000000710c00000| Untracked 
| 130|0x0000000710e00000, 0x0000000711000000, 0x0000000711000000|100%| O|  |TAMS 0x0000000710e00000, 0x0000000710e00000| Untracked 
| 131|0x0000000711000000, 0x0000000711200000, 0x0000000711200000|100%| O|  |TAMS 0x0000000711000000, 0x0000000711000000| Untracked 
| 132|0x0000000711200000, 0x0000000711400000, 0x0000000711400000|100%| O|  |TAMS 0x0000000711200000, 0x0000000711200000| Untracked 
| 133|0x0000000711400000, 0x0000000711600000, 0x0000000711600000|100%| O|  |TAMS 0x0000000711400000, 0x0000000711400000| Untracked 
| 134|0x0000000711600000, 0x0000000711800000, 0x0000000711800000|100%| O|  |TAMS 0x0000000711600000, 0x0000000711600000| Untracked 
| 135|0x0000000711800000, 0x0000000711a00000, 0x0000000711a00000|100%| O|  |TAMS 0x0000000711800000, 0x0000000711800000| Untracked 
| 136|0x0000000711a00000, 0x0000000711c00000, 0x0000000711c00000|100%| O|  |TAMS 0x0000000711a00000, 0x0000000711a00000| Untracked 
| 137|0x0000000711c00000, 0x0000000711e00000, 0x0000000711e00000|100%| O|  |TAMS 0x0000000711c00000, 0x0000000711c00000| Untracked 
| 138|0x0000000711e00000, 0x0000000712000000, 0x0000000712000000|100%| O|  |TAMS 0x0000000711e00000, 0x0000000711e00000| Untracked 
| 139|0x0000000712000000, 0x0000000712000000, 0x0000000712200000|  0%| F|  |TAMS 0x0000000712000000, 0x0000000712000000| Untracked 
| 140|0x0000000712200000, 0x0000000712200000, 0x0000000712400000|  0%| F|  |TAMS 0x0000000712200000, 0x0000000712200000| Untracked 
| 141|0x0000000712400000, 0x0000000712400000, 0x0000000712600000|  0%| F|  |TAMS 0x0000000712400000, 0x0000000712400000| Untracked 
| 142|0x0000000712600000, 0x0000000712600000, 0x0000000712800000|  0%| F|  |TAMS 0x0000000712600000, 0x0000000712600000| Untracked 
| 143|0x0000000712800000, 0x0000000712800000, 0x0000000712a00000|  0%| F|  |TAMS 0x0000000712800000, 0x0000000712800000| Untracked 
| 144|0x0000000712a00000, 0x0000000712a00000, 0x0000000712c00000|  0%| F|  |TAMS 0x0000000712a00000, 0x0000000712a00000| Untracked 
| 145|0x0000000712c00000, 0x0000000712c00000, 0x0000000712e00000|  0%| F|  |TAMS 0x0000000712c00000, 0x0000000712c00000| Untracked 
| 146|0x0000000712e00000, 0x0000000712e00000, 0x0000000713000000|  0%| F|  |TAMS 0x0000000712e00000, 0x0000000712e00000| Untracked 
| 147|0x0000000713000000, 0x0000000713000000, 0x0000000713200000|  0%| F|  |TAMS 0x0000000713000000, 0x0000000713000000| Untracked 
| 148|0x0000000713200000, 0x0000000713200000, 0x0000000713400000|  0%| F|  |TAMS 0x0000000713200000, 0x0000000713200000| Untracked 
| 149|0x0000000713400000, 0x0000000713400000, 0x0000000713600000|  0%| F|  |TAMS 0x0000000713400000, 0x0000000713400000| Untracked 
| 150|0x0000000713600000, 0x0000000713600000, 0x0000000713800000|  0%| F|  |TAMS 0x0000000713600000, 0x0000000713600000| Untracked 
| 151|0x0000000713800000, 0x0000000713800000, 0x0000000713a00000|  0%| F|  |TAMS 0x0000000713800000, 0x0000000713800000| Untracked 
| 152|0x0000000713a00000, 0x0000000713a00000, 0x0000000713c00000|  0%| F|  |TAMS 0x0000000713a00000, 0x0000000713a00000| Untracked 
| 153|0x0000000713c00000, 0x0000000713c00000, 0x0000000713e00000|  0%| F|  |TAMS 0x0000000713c00000, 0x0000000713c00000| Untracked 
| 154|0x0000000713e00000, 0x0000000713e00000, 0x0000000714000000|  0%| F|  |TAMS 0x0000000713e00000, 0x0000000713e00000| Untracked 
| 155|0x0000000714000000, 0x0000000714000000, 0x0000000714200000|  0%| F|  |TAMS 0x0000000714000000, 0x0000000714000000| Untracked 
| 156|0x0000000714200000, 0x0000000714200000, 0x0000000714400000|  0%| F|  |TAMS 0x0000000714200000, 0x0000000714200000| Untracked 
| 157|0x0000000714400000, 0x0000000714400000, 0x0000000714600000|  0%| F|  |TAMS 0x0000000714400000, 0x0000000714400000| Untracked 
| 158|0x0000000714600000, 0x0000000714600000, 0x0000000714800000|  0%| F|  |TAMS 0x0000000714600000, 0x0000000714600000| Untracked 
| 159|0x0000000714800000, 0x0000000714800000, 0x0000000714a00000|  0%| F|  |TAMS 0x0000000714800000, 0x0000000714800000| Untracked 
| 160|0x0000000714a00000, 0x0000000714a00000, 0x0000000714c00000|  0%| F|  |TAMS 0x0000000714a00000, 0x0000000714a00000| Untracked 
| 161|0x0000000714c00000, 0x0000000714c00000, 0x0000000714e00000|  0%| F|  |TAMS 0x0000000714c00000, 0x0000000714c00000| Untracked 
| 162|0x0000000714e00000, 0x0000000714e00000, 0x0000000715000000|  0%| F|  |TAMS 0x0000000714e00000, 0x0000000714e00000| Untracked 
| 163|0x0000000715000000, 0x0000000715000000, 0x0000000715200000|  0%| F|  |TAMS 0x0000000715000000, 0x0000000715000000| Untracked 
| 164|0x0000000715200000, 0x0000000715200000, 0x0000000715400000|  0%| F|  |TAMS 0x0000000715200000, 0x0000000715200000| Untracked 
| 165|0x0000000715400000, 0x0000000715400000, 0x0000000715600000|  0%| F|  |TAMS 0x0000000715400000, 0x0000000715400000| Untracked 
| 166|0x0000000715600000, 0x0000000715600000, 0x0000000715800000|  0%| F|  |TAMS 0x0000000715600000, 0x0000000715600000| Untracked 
| 167|0x0000000715800000, 0x0000000715800000, 0x0000000715a00000|  0%| F|  |TAMS 0x0000000715800000, 0x0000000715800000| Untracked 
| 168|0x0000000715a00000, 0x0000000715a00000, 0x0000000715c00000|  0%| F|  |TAMS 0x0000000715a00000, 0x0000000715a00000| Untracked 
| 169|0x0000000715c00000, 0x0000000715c00000, 0x0000000715e00000|  0%| F|  |TAMS 0x0000000715c00000, 0x0000000715c00000| Untracked 
| 170|0x0000000715e00000, 0x0000000715e00000, 0x0000000716000000|  0%| F|  |TAMS 0x0000000715e00000, 0x0000000715e00000| Untracked 
| 171|0x0000000716000000, 0x0000000716000000, 0x0000000716200000|  0%| F|  |TAMS 0x0000000716000000, 0x0000000716000000| Untracked 
| 172|0x0000000716200000, 0x0000000716200000, 0x0000000716400000|  0%| F|  |TAMS 0x0000000716200000, 0x0000000716200000| Untracked 
| 173|0x0000000716400000, 0x0000000716400000, 0x0000000716600000|  0%| F|  |TAMS 0x0000000716400000, 0x0000000716400000| Untracked 
| 174|0x0000000716600000, 0x0000000716600000, 0x0000000716800000|  0%| F|  |TAMS 0x0000000716600000, 0x0000000716600000| Untracked 
| 175|0x0000000716800000, 0x0000000716800000, 0x0000000716a00000|  0%| F|  |TAMS 0x0000000716800000, 0x0000000716800000| Untracked 
| 176|0x0000000716a00000, 0x0000000716a00000, 0x0000000716c00000|  0%| F|  |TAMS 0x0000000716a00000, 0x0000000716a00000| Untracked 
| 177|0x0000000716c00000, 0x0000000716c00000, 0x0000000716e00000|  0%| F|  |TAMS 0x0000000716c00000, 0x0000000716c00000| Untracked 
| 178|0x0000000716e00000, 0x0000000716e00000, 0x0000000717000000|  0%| F|  |TAMS 0x0000000716e00000, 0x0000000716e00000| Untracked 
| 179|0x0000000717000000, 0x0000000717000000, 0x0000000717200000|  0%| F|  |TAMS 0x0000000717000000, 0x0000000717000000| Untracked 
| 180|0x0000000717200000, 0x0000000717200000, 0x0000000717400000|  0%| F|  |TAMS 0x0000000717200000, 0x0000000717200000| Untracked 
| 181|0x0000000717400000, 0x0000000717400000, 0x0000000717600000|  0%| F|  |TAMS 0x0000000717400000, 0x0000000717400000| Untracked 
| 182|0x0000000717600000, 0x0000000717600000, 0x0000000717800000|  0%| F|  |TAMS 0x0000000717600000, 0x0000000717600000| Untracked 
| 183|0x0000000717800000, 0x0000000717800000, 0x0000000717a00000|  0%| F|  |TAMS 0x0000000717800000, 0x0000000717800000| Untracked 
| 184|0x0000000717a00000, 0x0000000717a00000, 0x0000000717c00000|  0%| F|  |TAMS 0x0000000717a00000, 0x0000000717a00000| Untracked 
| 185|0x0000000717c00000, 0x0000000717c00000, 0x0000000717e00000|  0%| F|  |TAMS 0x0000000717c00000, 0x0000000717c00000| Untracked 
| 186|0x0000000717e00000, 0x0000000717e00000, 0x0000000718000000|  0%| F|  |TAMS 0x0000000717e00000, 0x0000000717e00000| Untracked 
| 187|0x0000000718000000, 0x0000000718000000, 0x0000000718200000|  0%| F|  |TAMS 0x0000000718000000, 0x0000000718000000| Untracked 
| 188|0x0000000718200000, 0x0000000718200000, 0x0000000718400000|  0%| F|  |TAMS 0x0000000718200000, 0x0000000718200000| Untracked 
| 189|0x0000000718400000, 0x0000000718400000, 0x0000000718600000|  0%| F|  |TAMS 0x0000000718400000, 0x0000000718400000| Untracked 
| 190|0x0000000718600000, 0x0000000718600000, 0x0000000718800000|  0%| F|  |TAMS 0x0000000718600000, 0x0000000718600000| Untracked 
| 191|0x0000000718800000, 0x0000000718800000, 0x0000000718a00000|  0%| F|  |TAMS 0x0000000718800000, 0x0000000718800000| Untracked 
| 192|0x0000000718a00000, 0x0000000718a00000, 0x0000000718c00000|  0%| F|  |TAMS 0x0000000718a00000, 0x0000000718a00000| Untracked 
| 193|0x0000000718c00000, 0x0000000718c00000, 0x0000000718e00000|  0%| F|  |TAMS 0x0000000718c00000, 0x0000000718c00000| Untracked 
| 194|0x0000000718e00000, 0x0000000718e00000, 0x0000000719000000|  0%| F|  |TAMS 0x0000000718e00000, 0x0000000718e00000| Untracked 
| 195|0x0000000719000000, 0x0000000719000000, 0x0000000719200000|  0%| F|  |TAMS 0x0000000719000000, 0x0000000719000000| Untracked 
| 196|0x0000000719200000, 0x0000000719200000, 0x0000000719400000|  0%| F|  |TAMS 0x0000000719200000, 0x0000000719200000| Untracked 
| 197|0x0000000719400000, 0x0000000719400000, 0x0000000719600000|  0%| F|  |TAMS 0x0000000719400000, 0x0000000719400000| Untracked 
| 198|0x0000000719600000, 0x0000000719600000, 0x0000000719800000|  0%| F|  |TAMS 0x0000000719600000, 0x0000000719600000| Untracked 
| 199|0x0000000719800000, 0x0000000719800000, 0x0000000719a00000|  0%| F|  |TAMS 0x0000000719800000, 0x0000000719800000| Untracked 
| 200|0x0000000719a00000, 0x0000000719a00000, 0x0000000719c00000|  0%| F|  |TAMS 0x0000000719a00000, 0x0000000719a00000| Untracked 
| 201|0x0000000719c00000, 0x0000000719c00000, 0x0000000719e00000|  0%| F|  |TAMS 0x0000000719c00000, 0x0000000719c00000| Untracked 
| 202|0x0000000719e00000, 0x0000000719e00000, 0x000000071a000000|  0%| F|  |TAMS 0x0000000719e00000, 0x0000000719e00000| Untracked 
| 203|0x000000071a000000, 0x000000071a000000, 0x000000071a200000|  0%| F|  |TAMS 0x000000071a000000, 0x000000071a000000| Untracked 
| 204|0x000000071a200000, 0x000000071a200000, 0x000000071a400000|  0%| F|  |TAMS 0x000000071a200000, 0x000000071a200000| Untracked 
| 205|0x000000071a400000, 0x000000071a400000, 0x000000071a600000|  0%| F|  |TAMS 0x000000071a400000, 0x000000071a400000| Untracked 
| 206|0x000000071a600000, 0x000000071a600000, 0x000000071a800000|  0%| F|  |TAMS 0x000000071a600000, 0x000000071a600000| Untracked 
| 207|0x000000071a800000, 0x000000071a800000, 0x000000071aa00000|  0%| F|  |TAMS 0x000000071a800000, 0x000000071a800000| Untracked 
| 208|0x000000071aa00000, 0x000000071aa00000, 0x000000071ac00000|  0%| F|  |TAMS 0x000000071aa00000, 0x000000071aa00000| Untracked 
| 209|0x000000071ac00000, 0x000000071ac00000, 0x000000071ae00000|  0%| F|  |TAMS 0x000000071ac00000, 0x000000071ac00000| Untracked 
| 210|0x000000071ae00000, 0x000000071ae00000, 0x000000071b000000|  0%| F|  |TAMS 0x000000071ae00000, 0x000000071ae00000| Untracked 
| 211|0x000000071b000000, 0x000000071b000000, 0x000000071b200000|  0%| F|  |TAMS 0x000000071b000000, 0x000000071b000000| Untracked 
| 212|0x000000071b200000, 0x000000071b200000, 0x000000071b400000|  0%| F|  |TAMS 0x000000071b200000, 0x000000071b200000| Untracked 
| 213|0x000000071b400000, 0x000000071b400000, 0x000000071b600000|  0%| F|  |TAMS 0x000000071b400000, 0x000000071b400000| Untracked 
| 214|0x000000071b600000, 0x000000071b600000, 0x000000071b800000|  0%| F|  |TAMS 0x000000071b600000, 0x000000071b600000| Untracked 
| 215|0x000000071b800000, 0x000000071b800000, 0x000000071ba00000|  0%| F|  |TAMS 0x000000071b800000, 0x000000071b800000| Untracked 
| 216|0x000000071ba00000, 0x000000071ba00000, 0x000000071bc00000|  0%| F|  |TAMS 0x000000071ba00000, 0x000000071ba00000| Untracked 
| 217|0x000000071bc00000, 0x000000071bc00000, 0x000000071be00000|  0%| F|  |TAMS 0x000000071bc00000, 0x000000071bc00000| Untracked 
| 218|0x000000071be00000, 0x000000071be00000, 0x000000071c000000|  0%| F|  |TAMS 0x000000071be00000, 0x000000071be00000| Untracked 
| 219|0x000000071c000000, 0x000000071c000000, 0x000000071c200000|  0%| F|  |TAMS 0x000000071c000000, 0x000000071c000000| Untracked 
| 220|0x000000071c200000, 0x000000071c200000, 0x000000071c400000|  0%| F|  |TAMS 0x000000071c200000, 0x000000071c200000| Untracked 
| 221|0x000000071c400000, 0x000000071c400000, 0x000000071c600000|  0%| F|  |TAMS 0x000000071c400000, 0x000000071c400000| Untracked 
| 222|0x000000071c600000, 0x000000071c600000, 0x000000071c800000|  0%| F|  |TAMS 0x000000071c600000, 0x000000071c600000| Untracked 
| 223|0x000000071c800000, 0x000000071c800000, 0x000000071ca00000|  0%| F|  |TAMS 0x000000071c800000, 0x000000071c800000| Untracked 
| 224|0x000000071ca00000, 0x000000071ca00000, 0x000000071cc00000|  0%| F|  |TAMS 0x000000071ca00000, 0x000000071ca00000| Untracked 
| 225|0x000000071cc00000, 0x000000071cc00000, 0x000000071ce00000|  0%| F|  |TAMS 0x000000071cc00000, 0x000000071cc00000| Untracked 
| 226|0x000000071ce00000, 0x000000071ce00000, 0x000000071d000000|  0%| F|  |TAMS 0x000000071ce00000, 0x000000071ce00000| Untracked 
| 227|0x000000071d000000, 0x000000071d000000, 0x000000071d200000|  0%| F|  |TAMS 0x000000071d000000, 0x000000071d000000| Untracked 
| 228|0x000000071d200000, 0x000000071d200000, 0x000000071d400000|  0%| F|  |TAMS 0x000000071d200000, 0x000000071d200000| Untracked 
| 229|0x000000071d400000, 0x000000071d400000, 0x000000071d600000|  0%| F|  |TAMS 0x000000071d400000, 0x000000071d400000| Untracked 
| 230|0x000000071d600000, 0x000000071d600000, 0x000000071d800000|  0%| F|  |TAMS 0x000000071d600000, 0x000000071d600000| Untracked 
| 231|0x000000071d800000, 0x000000071d800000, 0x000000071da00000|  0%| F|  |TAMS 0x000000071d800000, 0x000000071d800000| Untracked 
| 232|0x000000071da00000, 0x000000071da00000, 0x000000071dc00000|  0%| F|  |TAMS 0x000000071da00000, 0x000000071da00000| Untracked 
| 233|0x000000071dc00000, 0x000000071dc00000, 0x000000071de00000|  0%| F|  |TAMS 0x000000071dc00000, 0x000000071dc00000| Untracked 
| 234|0x000000071de00000, 0x000000071de00000, 0x000000071e000000|  0%| F|  |TAMS 0x000000071de00000, 0x000000071de00000| Untracked 
| 235|0x000000071e000000, 0x000000071e09d0a0, 0x000000071e200000| 30%| E|  |TAMS 0x000000071e000000, 0x000000071e000000| Complete 
| 236|0x000000071e200000, 0x000000071e400000, 0x000000071e400000|100%| E|CS|TAMS 0x000000071e200000, 0x000000071e200000| Complete 
| 237|0x000000071e400000, 0x000000071e600000, 0x000000071e600000|100%| E|CS|TAMS 0x000000071e400000, 0x000000071e400000| Complete 
| 238|0x000000071e600000, 0x000000071e800000, 0x000000071e800000|100%| E|CS|TAMS 0x000000071e600000, 0x000000071e600000| Complete 
| 239|0x000000071e800000, 0x000000071ea00000, 0x000000071ea00000|100%| E|CS|TAMS 0x000000071e800000, 0x000000071e800000| Complete 
| 240|0x000000071ea00000, 0x000000071ec00000, 0x000000071ec00000|100%| E|CS|TAMS 0x000000071ea00000, 0x000000071ea00000| Complete 
| 241|0x000000071ec00000, 0x000000071ee00000, 0x000000071ee00000|100%| E|CS|TAMS 0x000000071ec00000, 0x000000071ec00000| Complete 
| 242|0x000000071ee00000, 0x000000071f000000, 0x000000071f000000|100%| E|CS|TAMS 0x000000071ee00000, 0x000000071ee00000| Complete 
| 243|0x000000071f000000, 0x000000071f200000, 0x000000071f200000|100%| E|CS|TAMS 0x000000071f000000, 0x000000071f000000| Complete 
| 244|0x000000071f200000, 0x000000071f400000, 0x000000071f400000|100%| E|CS|TAMS 0x000000071f200000, 0x000000071f200000| Complete 
| 245|0x000000071f400000, 0x000000071f600000, 0x000000071f600000|100%| E|CS|TAMS 0x000000071f400000, 0x000000071f400000| Complete 
| 246|0x000000071f600000, 0x000000071f800000, 0x000000071f800000|100%| E|CS|TAMS 0x000000071f600000, 0x000000071f600000| Complete 
| 247|0x000000071f800000, 0x000000071fa00000, 0x000000071fa00000|100%| E|CS|TAMS 0x000000071f800000, 0x000000071f800000| Complete 
| 248|0x000000071fa00000, 0x000000071fc00000, 0x000000071fc00000|100%| E|CS|TAMS 0x000000071fa00000, 0x000000071fa00000| Complete 
| 249|0x000000071fc00000, 0x000000071fe00000, 0x000000071fe00000|100%| E|CS|TAMS 0x000000071fc00000, 0x000000071fc00000| Complete 
| 250|0x000000071fe00000, 0x0000000720000000, 0x0000000720000000|100%| E|CS|TAMS 0x000000071fe00000, 0x000000071fe00000| Complete 
| 251|0x0000000720000000, 0x0000000720200000, 0x0000000720200000|100%| E|CS|TAMS 0x0000000720000000, 0x0000000720000000| Complete 
| 252|0x0000000720200000, 0x0000000720400000, 0x0000000720400000|100%| E|CS|TAMS 0x0000000720200000, 0x0000000720200000| Complete 
| 253|0x0000000720400000, 0x0000000720600000, 0x0000000720600000|100%| E|CS|TAMS 0x0000000720400000, 0x0000000720400000| Complete 
| 254|0x0000000720600000, 0x0000000720800000, 0x0000000720800000|100%| E|CS|TAMS 0x0000000720600000, 0x0000000720600000| Complete 
| 255|0x0000000720800000, 0x0000000720a00000, 0x0000000720a00000|100%| E|CS|TAMS 0x0000000720800000, 0x0000000720800000| Complete 
| 256|0x0000000720a00000, 0x0000000720c00000, 0x0000000720c00000|100%| E|CS|TAMS 0x0000000720a00000, 0x0000000720a00000| Complete 
| 257|0x0000000720c00000, 0x0000000720e00000, 0x0000000720e00000|100%| E|CS|TAMS 0x0000000720c00000, 0x0000000720c00000| Complete 
| 258|0x0000000720e00000, 0x0000000721000000, 0x0000000721000000|100%| E|CS|TAMS 0x0000000720e00000, 0x0000000720e00000| Complete 
| 259|0x0000000721000000, 0x0000000721200000, 0x0000000721200000|100%| E|CS|TAMS 0x0000000721000000, 0x0000000721000000| Complete 
| 260|0x0000000721200000, 0x0000000721400000, 0x0000000721400000|100%| E|CS|TAMS 0x0000000721200000, 0x0000000721200000| Complete 
| 261|0x0000000721400000, 0x0000000721600000, 0x0000000721600000|100%| E|CS|TAMS 0x0000000721400000, 0x0000000721400000| Complete 
| 262|0x0000000721600000, 0x0000000721800000, 0x0000000721800000|100%| E|CS|TAMS 0x0000000721600000, 0x0000000721600000| Complete 
| 263|0x0000000721800000, 0x0000000721a00000, 0x0000000721a00000|100%| E|CS|TAMS 0x0000000721800000, 0x0000000721800000| Complete 
| 264|0x0000000721a00000, 0x0000000721c00000, 0x0000000721c00000|100%| E|CS|TAMS 0x0000000721a00000, 0x0000000721a00000| Complete 
| 265|0x0000000721c00000, 0x0000000721e00000, 0x0000000721e00000|100%| E|CS|TAMS 0x0000000721c00000, 0x0000000721c00000| Complete 
| 266|0x0000000721e00000, 0x0000000722000000, 0x0000000722000000|100%| E|CS|TAMS 0x0000000721e00000, 0x0000000721e00000| Complete 
| 267|0x0000000722000000, 0x0000000722200000, 0x0000000722200000|100%| E|CS|TAMS 0x0000000722000000, 0x0000000722000000| Complete 
| 268|0x0000000722200000, 0x0000000722400000, 0x0000000722400000|100%| E|CS|TAMS 0x0000000722200000, 0x0000000722200000| Complete 
| 269|0x0000000722400000, 0x0000000722600000, 0x0000000722600000|100%| E|CS|TAMS 0x0000000722400000, 0x0000000722400000| Complete 
| 270|0x0000000722600000, 0x0000000722800000, 0x0000000722800000|100%| E|CS|TAMS 0x0000000722600000, 0x0000000722600000| Complete 
| 271|0x0000000722800000, 0x0000000722a00000, 0x0000000722a00000|100%| E|CS|TAMS 0x0000000722800000, 0x0000000722800000| Complete 
| 272|0x0000000722a00000, 0x0000000722c00000, 0x0000000722c00000|100%| E|CS|TAMS 0x0000000722a00000, 0x0000000722a00000| Complete 
| 273|0x0000000722c00000, 0x0000000722e00000, 0x0000000722e00000|100%| E|CS|TAMS 0x0000000722c00000, 0x0000000722c00000| Complete 
| 274|0x0000000722e00000, 0x0000000723000000, 0x0000000723000000|100%| E|CS|TAMS 0x0000000722e00000, 0x0000000722e00000| Complete 
| 275|0x0000000723000000, 0x0000000723200000, 0x0000000723200000|100%| E|CS|TAMS 0x0000000723000000, 0x0000000723000000| Complete 
| 276|0x0000000723200000, 0x0000000723400000, 0x0000000723400000|100%| E|CS|TAMS 0x0000000723200000, 0x0000000723200000| Complete 
| 277|0x0000000723400000, 0x0000000723600000, 0x0000000723600000|100%| E|CS|TAMS 0x0000000723400000, 0x0000000723400000| Complete 
| 278|0x0000000723600000, 0x0000000723800000, 0x0000000723800000|100%| E|CS|TAMS 0x0000000723600000, 0x0000000723600000| Complete 
| 279|0x0000000723800000, 0x0000000723a00000, 0x0000000723a00000|100%| E|CS|TAMS 0x0000000723800000, 0x0000000723800000| Complete 
| 280|0x0000000723a00000, 0x0000000723c00000, 0x0000000723c00000|100%| E|CS|TAMS 0x0000000723a00000, 0x0000000723a00000| Complete 
| 281|0x0000000723c00000, 0x0000000723e00000, 0x0000000723e00000|100%| E|CS|TAMS 0x0000000723c00000, 0x0000000723c00000| Complete 
| 282|0x0000000723e00000, 0x0000000724000000, 0x0000000724000000|100%| E|CS|TAMS 0x0000000723e00000, 0x0000000723e00000| Complete 
| 283|0x0000000724000000, 0x0000000724200000, 0x0000000724200000|100%| E|CS|TAMS 0x0000000724000000, 0x0000000724000000| Complete 
| 284|0x0000000724200000, 0x0000000724400000, 0x0000000724400000|100%| E|CS|TAMS 0x0000000724200000, 0x0000000724200000| Complete 
| 285|0x0000000724400000, 0x0000000724600000, 0x0000000724600000|100%| S|CS|TAMS 0x0000000724400000, 0x0000000724400000| Complete 
| 286|0x0000000724600000, 0x0000000724800000, 0x0000000724800000|100%| S|CS|TAMS 0x0000000724600000, 0x0000000724600000| Complete 
| 287|0x0000000724800000, 0x0000000724a00000, 0x0000000724a00000|100%| E|CS|TAMS 0x0000000724800000, 0x0000000724800000| Complete 
| 288|0x0000000724a00000, 0x0000000724c00000, 0x0000000724c00000|100%| E|CS|TAMS 0x0000000724a00000, 0x0000000724a00000| Complete 
| 289|0x0000000724c00000, 0x0000000724e00000, 0x0000000724e00000|100%| E|CS|TAMS 0x0000000724c00000, 0x0000000724c00000| Complete 
| 290|0x0000000724e00000, 0x0000000725000000, 0x0000000725000000|100%| E|CS|TAMS 0x0000000724e00000, 0x0000000724e00000| Complete 
| 291|0x0000000725000000, 0x0000000725200000, 0x0000000725200000|100%| E|CS|TAMS 0x0000000725000000, 0x0000000725000000| Complete 
| 292|0x0000000725200000, 0x0000000725400000, 0x0000000725400000|100%| E|CS|TAMS 0x0000000725200000, 0x0000000725200000| Complete 
| 293|0x0000000725400000, 0x0000000725600000, 0x0000000725600000|100%| E|CS|TAMS 0x0000000725400000, 0x0000000725400000| Complete 
| 294|0x0000000725600000, 0x0000000725800000, 0x0000000725800000|100%| E|CS|TAMS 0x0000000725600000, 0x0000000725600000| Complete 
| 295|0x0000000725800000, 0x0000000725a00000, 0x0000000725a00000|100%| E|CS|TAMS 0x0000000725800000, 0x0000000725800000| Complete 
| 296|0x0000000725a00000, 0x0000000725c00000, 0x0000000725c00000|100%| E|CS|TAMS 0x0000000725a00000, 0x0000000725a00000| Complete 
| 297|0x0000000725c00000, 0x0000000725e00000, 0x0000000725e00000|100%| E|CS|TAMS 0x0000000725c00000, 0x0000000725c00000| Complete 
| 298|0x0000000725e00000, 0x0000000726000000, 0x0000000726000000|100%| E|CS|TAMS 0x0000000725e00000, 0x0000000725e00000| Complete 
| 299|0x0000000726000000, 0x0000000726200000, 0x0000000726200000|100%| E|CS|TAMS 0x0000000726000000, 0x0000000726000000| Complete 
| 300|0x0000000726200000, 0x0000000726400000, 0x0000000726400000|100%| E|CS|TAMS 0x0000000726200000, 0x0000000726200000| Complete 
| 301|0x0000000726400000, 0x0000000726600000, 0x0000000726600000|100%| E|CS|TAMS 0x0000000726400000, 0x0000000726400000| Complete 
|2042|0x00000007ffe00000, 0x0000000800000000, 0x0000000800000000|100%| E|CS|TAMS 0x00000007ffe00000, 0x00000007ffe00000| Complete 

Card table byte_map: [0x000002228f800000,0x0000022290000000] _byte_map_base: 0x000002228bffb000

Marking Bits (Prev, Next): (CMBitMap*) 0x00000222f5201440, (CMBitMap*) 0x00000222f5201400
 Prev Bits: [0x00000222947e0000, 0x00000222987b8000)
 Next Bits: [0x0000022290800000, 0x00000222947d8000)

Polling page: 0x00000222f5260000

Metaspace:

Usage:
  Non-class:     39.58 MB capacity,    39.27 MB (>99%) used,   257.43 KB ( <1%) free+waste,    63.25 KB ( <1%) overhead. 
      Class:      5.63 MB capacity,     5.48 MB ( 97%) used,   126.56 KB (  2%) free+waste,    23.75 KB ( <1%) overhead. 
       Both:     45.21 MB capacity,    44.75 MB ( 99%) used,   383.99 KB ( <1%) free+waste,    87.00 KB ( <1%) overhead. 

Virtual space:
  Non-class space:       40.00 MB reserved,      39.67 MB (>99%) committed 
      Class space:        1.00 GB reserved,       5.75 MB ( <1%) committed 
             Both:        1.04 GB reserved,      45.42 MB (  4%) committed 

Chunk freelists:
   Non-Class:  29.00 KB
       Class:  26.00 KB
        Both:  55.00 KB

MaxMetaspaceSize: 17179869184.00 GB
CompressedClassSpaceSize: 1.00 GB

CodeHeap 'non-profiled nmethods': size=120000Kb used=3506Kb max_used=3506Kb free=116493Kb
 bounds [0x0000022287ad0000, 0x0000022287e40000, 0x000002228f000000]
CodeHeap 'profiled nmethods': size=120000Kb used=11113Kb max_used=11135Kb free=108886Kb
 bounds [0x00000222805a0000, 0x0000022281080000, 0x0000022287ad0000]
CodeHeap 'non-nmethods': size=5760Kb used=1280Kb max_used=1385Kb free=4479Kb
 bounds [0x0000022280000000, 0x0000022280270000, 0x00000222805a0000]
 total_blobs=5909 nmethods=5351 adapters=469
 compilation: enabled
              stopped_count=0, restarted_count=0
 full_count=0

Compilation events (20 events):
Event: 103.552 Thread 0x000002229adc9d70 nmethod 6129 0x0000022287e3bb10 code [0x0000022287e3bca0, 0x0000022287e3bd58]
Event: 113.543 Thread 0x000002229adc9d70 6130       3       com.mongodb.internal.connection.ConcurrentLinkedDeque$Node::isMarker (14 bytes)
Event: 113.544 Thread 0x000002229adc9d70 nmethod 6130 0x0000022280611d90 code [0x0000022280611f20, 0x0000022280612098]
Event: 113.545 Thread 0x000002229adc9d70 6131       3       org.bson.AbstractBsonWriter$Context::<init> (20 bytes)
Event: 113.545 Thread 0x000002229adc5cd0 6134  s    4       java.util.Vector::elementAt (48 bytes)
Event: 113.545 Thread 0x000002229adc9d70 nmethod 6131 0x0000022280611890 code [0x0000022280611a40, 0x0000022280611cd8]
Event: 113.545 Thread 0x000002229adc9d70 6132       3       org.bson.AbstractBsonWriter::writeStartDocument (132 bytes)
Event: 113.546 Thread 0x000002229adc5cd0 nmethod 6134 0x0000022287e3be10 code [0x0000022287e3bfa0, 0x0000022287e3c178]
Event: 113.546 Thread 0x000002229adc9d70 nmethod 6132 0x000002228060ee10 code [0x000002228060f160, 0x0000022280610fd8]
Event: 113.546 Thread 0x000002229adc9d70 6133       3       org.bson.BsonBinaryWriter::doWriteStartDocument (68 bytes)
Event: 113.547 Thread 0x000002229adc9d70 nmethod 6133 0x000002228060d590 code [0x000002228060d820, 0x000002228060ea48]
Event: 113.552 Thread 0x000002229adc9d70 6135       3       java.util.concurrent.locks.AbstractQueuedSynchronizer::hasQueuedPredecessors (58 bytes)
Event: 113.553 Thread 0x000002229adc9d70 nmethod 6135 0x000002228060d010 code [0x000002228060d1c0, 0x000002228060d4c8]
Event: 113.553 Thread 0x000002229adc9d70 6136       3       com.mongodb.internal.connection.ConcurrentLinkedDeque$Node::isSpecial (13 bytes)
Event: 113.553 Thread 0x000002229adc9d70 nmethod 6136 0x000002228060cc90 code [0x000002228060ce20, 0x000002228060cf78]
Event: 113.553 Thread 0x000002229adc9d70 6137       3       com.mongodb.internal.connection.ConcurrentLinkedDeque::usable (17 bytes)
Event: 113.553 Thread 0x000002229adc5cd0 6139  s    4       java.io.ByteArrayOutputStream::write (32 bytes)
Event: 113.553 Thread 0x000002229adc9d70 nmethod 6137 0x000002228060c790 code [0x000002228060c940, 0x000002228060cb78]
Event: 113.553 Thread 0x000002229adc9d70 6138       3       org.bson.codecs.BsonDocumentCodec::encode (11 bytes)
Event: 113.553 Thread 0x000002229adc9d70 nmethod 6138 0x000002228060c210 code [0x000002228060c3c0, 0x000002228060c688]

GC Heap History (20 events):
Event: 31.929 GC heap before
{Heap before GC invocations=26 (full 0):
 garbage-first heap   total 120832K, used 103976K [0x0000000700a00000, 0x0000000800000000)
  region size 2048K, 2 young (4096K), 1 survivors (2048K)
 Metaspace       used 45296K, capacity 45753K, committed 45872K, reserved 1089536K
  class space    used 5595K, capacity 5734K, committed 5760K, reserved 1048576K
}
Event: 31.931 GC heap after
{Heap after GC invocations=27 (full 0):
 garbage-first heap   total 120832K, used 103628K [0x0000000700a00000, 0x0000000800000000)
  region size 2048K, 1 young (2048K), 1 survivors (2048K)
 Metaspace       used 45296K, capacity 45753K, committed 45872K, reserved 1089536K
  class space    used 5595K, capacity 5734K, committed 5760K, reserved 1048576K
}
Event: 31.939 GC heap before
{Heap before GC invocations=27 (full 0):
 garbage-first heap   total 120832K, used 105676K [0x0000000700a00000, 0x0000000800000000)
  region size 2048K, 2 young (4096K), 1 survivors (2048K)
 Metaspace       used 45296K, capacity 45753K, committed 45872K, reserved 1089536K
  class space    used 5595K, capacity 5734K, committed 5760K, reserved 1048576K
}
Event: 31.941 GC heap after
{Heap after GC invocations=28 (full 0):
 garbage-first heap   total 260096K, used 105222K [0x0000000700a00000, 0x0000000800000000)
  region size 2048K, 1 young (2048K), 1 survivors (2048K)
 Metaspace       used 45296K, capacity 45753K, committed 45872K, reserved 1089536K
  class space    used 5595K, capacity 5734K, committed 5760K, reserved 1048576K
}
Event: 32.177 GC heap before
{Heap before GC invocations=29 (full 0):
 garbage-first heap   total 260096K, used 156422K [0x0000000700a00000, 0x0000000800000000)
  region size 2048K, 26 young (53248K), 1 survivors (2048K)
 Metaspace       used 45426K, capacity 45881K, committed 46128K, reserved 1089536K
  class space    used 5595K, capacity 5734K, committed 5760K, reserved 1048576K
}
Event: 32.193 GC heap after
{Heap after GC invocations=30 (full 0):
 garbage-first heap   total 260096K, used 136156K [0x0000000700a00000, 0x0000000800000000)
  region size 2048K, 4 young (8192K), 4 survivors (8192K)
 Metaspace       used 45426K, capacity 45881K, committed 46128K, reserved 1089536K
  class space    used 5595K, capacity 5734K, committed 5760K, reserved 1048576K
}
Event: 36.834 GC heap before
{Heap before GC invocations=30 (full 0):
 garbage-first heap   total 260096K, used 173020K [0x0000000700a00000, 0x0000000800000000)
  region size 2048K, 22 young (45056K), 4 survivors (8192K)
 Metaspace       used 45435K, capacity 45881K, committed 46128K, reserved 1089536K
  class space    used 5595K, capacity 5734K, committed 5760K, reserved 1048576K
}
Event: 36.838 GC heap after
{Heap after GC invocations=31 (full 0):
 garbage-first heap   total 260096K, used 140287K [0x0000000700a00000, 0x0000000800000000)
  region size 2048K, 1 young (2048K), 1 survivors (2048K)
 Metaspace       used 45435K, capacity 45881K, committed 46128K, reserved 1089536K
  class space    used 5595K, capacity 5734K, committed 5760K, reserved 1048576K
}
Event: 39.866 GC heap before
{Heap before GC invocations=32 (full 0):
 garbage-first heap   total 260096K, used 179199K [0x0000000700a00000, 0x0000000800000000)
  region size 2048K, 20 young (40960K), 1 survivors (2048K)
 Metaspace       used 45436K, capacity 45881K, committed 46128K, reserved 1089536K
  class space    used 5595K, capacity 5734K, committed 5760K, reserved 1048576K
}
Event: 39.878 GC heap after
{Heap after GC invocations=33 (full 0):
 garbage-first heap   total 260096K, used 158445K [0x0000000700a00000, 0x0000000800000000)
  region size 2048K, 3 young (6144K), 3 survivors (6144K)
 Metaspace       used 45436K, capacity 45881K, committed 46128K, reserved 1089536K
  class space    used 5595K, capacity 5734K, committed 5760K, reserved 1048576K
}
Event: 39.937 GC heap before
{Heap before GC invocations=33 (full 0):
 garbage-first heap   total 260096K, used 189165K [0x0000000700a00000, 0x0000000800000000)
  region size 2048K, 18 young (36864K), 3 survivors (6144K)
 Metaspace       used 45436K, capacity 45881K, committed 46128K, reserved 1089536K
  class space    used 5595K, capacity 5734K, committed 5760K, reserved 1048576K
}
Event: 39.956 GC heap after
{Heap after GC invocations=34 (full 0):
 garbage-first heap   total 260096K, used 182311K [0x0000000700a00000, 0x0000000800000000)
  region size 2048K, 3 young (6144K), 3 survivors (6144K)
 Metaspace       used 45436K, capacity 45881K, committed 46128K, reserved 1089536K
  class space    used 5595K, capacity 5734K, committed 5760K, reserved 1048576K
}
Event: 40.001 GC heap before
{Heap before GC invocations=34 (full 0):
 garbage-first heap   total 260096K, used 200743K [0x0000000700a00000, 0x0000000800000000)
  region size 2048K, 12 young (24576K), 3 survivors (6144K)
 Metaspace       used 45436K, capacity 45881K, committed 46128K, reserved 1089536K
  class space    used 5595K, capacity 5734K, committed 5760K, reserved 1048576K
}
Event: 40.016 GC heap after
{Heap after GC invocations=35 (full 0):
 garbage-first heap   total 620544K, used 197822K [0x0000000700a00000, 0x0000000800000000)
  region size 2048K, 2 young (4096K), 2 survivors (4096K)
 Metaspace       used 45436K, capacity 45881K, committed 46128K, reserved 1089536K
  class space    used 5595K, capacity 5734K, committed 5760K, reserved 1048576K
}
Event: 47.957 GC heap before
{Heap before GC invocations=36 (full 0):
 garbage-first heap   total 620544K, used 351422K [0x0000000700a00000, 0x0000000800000000)
  region size 2048K, 77 young (157696K), 2 survivors (4096K)
 Metaspace       used 45449K, capacity 45881K, committed 46128K, reserved 1089536K
  class space    used 5595K, capacity 5734K, committed 5760K, reserved 1048576K
}
Event: 47.987 GC heap after
{Heap after GC invocations=37 (full 0):
 garbage-first heap   total 620544K, used 272550K [0x0000000700a00000, 0x0000000800000000)
  region size 2048K, 10 young (20480K), 10 survivors (20480K)
 Metaspace       used 45449K, capacity 45881K, committed 46128K, reserved 1089536K
  class space    used 5595K, capacity 5734K, committed 5760K, reserved 1048576K
}
Event: 48.002 GC heap before
{Heap before GC invocations=37 (full 0):
 garbage-first heap   total 620544K, used 282790K [0x0000000700a00000, 0x0000000800000000)
  region size 2048K, 15 young (30720K), 10 survivors (20480K)
 Metaspace       used 45449K, capacity 45881K, committed 46128K, reserved 1089536K
  class space    used 5595K, capacity 5734K, committed 5760K, reserved 1048576K
}
Event: 48.019 GC heap after
{Heap after GC invocations=38 (full 0):
 garbage-first heap   total 620544K, used 224379K [0x0000000700a00000, 0x0000000800000000)
  region size 2048K, 2 young (4096K), 2 survivors (4096K)
 Metaspace       used 45449K, capacity 45881K, committed 46128K, reserved 1089536K
  class space    used 5595K, capacity 5734K, committed 5760K, reserved 1048576K
}
Event: 48.050 GC heap before
{Heap before GC invocations=38 (full 0):
 garbage-first heap   total 620544K, used 251003K [0x0000000700a00000, 0x0000000800000000)
  region size 2048K, 15 young (30720K), 2 survivors (4096K)
 Metaspace       used 45449K, capacity 45881K, committed 46128K, reserved 1089536K
  class space    used 5595K, capacity 5734K, committed 5760K, reserved 1048576K
}
Event: 48.072 GC heap after
{Heap after GC invocations=39 (full 0):
 garbage-first heap   total 620544K, used 214270K [0x0000000700a00000, 0x0000000800000000)
  region size 2048K, 2 young (4096K), 2 survivors (4096K)
 Metaspace       used 45449K, capacity 45881K, committed 46128K, reserved 1089536K
  class space    used 5595K, capacity 5734K, committed 5760K, reserved 1048576K
}

Deoptimization events (20 events):
Event: 50.858 Thread 0x00000222a0ff9f40 Uncommon trap: trap_request=0xffffff45 fr.pc=0x0000022287e127b0 relative=0x0000000000000650
Event: 50.858 Thread 0x00000222a0ff9f40 Uncommon trap: reason=unstable_if action=reinterpret pc=0x0000022287e127b0 method=jdk.internal.math.FloatingDecimal$BinaryToASCIIBuffer.getChars([C)I @ 33 c2
Event: 50.858 Thread 0x00000222a0ff9f40 DEOPT PACKING pc=0x0000022287e127b0 sp=0x000000d3e68fd000
Event: 50.858 Thread 0x00000222a0ff9f40 DEOPT UNPACKING pc=0x000002228004e42f sp=0x000000d3e68fcfd8 mode 2
Event: 50.913 Thread 0x00000222a0ff9f40 Uncommon trap: trap_request=0xffffff45 fr.pc=0x0000022287e23888 relative=0x0000000000000ee8
Event: 50.913 Thread 0x00000222a0ff9f40 Uncommon trap: reason=unstable_if action=reinterpret pc=0x0000022287e23888 method=jdk.internal.math.FloatingDecimal$BinaryToASCIIBuffer.dtoa(IJIZ)V @ 372 c2
Event: 50.913 Thread 0x00000222a0ff9f40 DEOPT PACKING pc=0x0000022287e23888 sp=0x000000d3e68fd230
Event: 50.913 Thread 0x00000222a0ff9f40 DEOPT UNPACKING pc=0x000002228004e42f sp=0x000000d3e68fd0f0 mode 2
Event: 50.977 Thread 0x00000222a0ff9f40 Uncommon trap: trap_request=0xffffff45 fr.pc=0x0000022287e2ece0 relative=0x0000000000001280
Event: 50.977 Thread 0x00000222a0ff9f40 Uncommon trap: reason=unstable_if action=reinterpret pc=0x0000022287e2ece0 method=jdk.internal.math.FloatingDecimal$BinaryToASCIIBuffer.dtoa(IJIZ)V @ 272 c2
Event: 50.977 Thread 0x00000222a0ff9f40 DEOPT PACKING pc=0x0000022287e2ece0 sp=0x000000d3e68fd220
Event: 50.977 Thread 0x00000222a0ff9f40 DEOPT UNPACKING pc=0x000002228004e42f sp=0x000000d3e68fd0f0 mode 2
Event: 51.040 Thread 0x00000222a0ff9f40 Uncommon trap: trap_request=0xffffff45 fr.pc=0x0000022287e2765c relative=0x000000000000051c
Event: 51.040 Thread 0x00000222a0ff9f40 Uncommon trap: reason=unstable_if action=reinterpret pc=0x0000022287e2765c method=jdk.internal.math.FloatingDecimal$BinaryToASCIIBuffer.getChars([C)I @ 56 c2
Event: 51.040 Thread 0x00000222a0ff9f40 DEOPT PACKING pc=0x0000022287e2765c sp=0x000000d3e68fd210
Event: 51.040 Thread 0x00000222a0ff9f40 DEOPT UNPACKING pc=0x000002228004e42f sp=0x000000d3e68fd1d0 mode 2
Event: 51.042 Thread 0x00000222a0ff9f40 Uncommon trap: trap_request=0xffffffc6 fr.pc=0x0000022287b79e48 relative=0x0000000000000a68
Event: 51.042 Thread 0x00000222a0ff9f40 Uncommon trap: reason=bimorphic_or_optimized_type_check action=maybe_recompile pc=0x0000022287b79e48 method=org.springframework.context.event.AbstractApplicationEventMulticaster.getApplicationListeners(Lorg/springframework/context/ApplicationEvent;Lorg/sp
Event: 51.042 Thread 0x00000222a0ff9f40 DEOPT PACKING pc=0x0000022287b79e48 sp=0x000000d3e68fdec0
Event: 51.042 Thread 0x00000222a0ff9f40 DEOPT UNPACKING pc=0x000002228004e42f sp=0x000000d3e68fde78 mode 2

Classes unloaded (8 events):
Event: 24.693 Thread 0x000002229ada2200 Unloading class 0x0000000800fbc840 'jdk/internal/reflect/GeneratedConstructorAccessor33'
Event: 24.693 Thread 0x000002229ada2200 Unloading class 0x0000000800fbd040 'jdk/internal/reflect/GeneratedConstructorAccessor32'
Event: 24.693 Thread 0x000002229ada2200 Unloading class 0x0000000800fbe440 'jdk/internal/reflect/GeneratedConstructorAccessor28'
Event: 24.693 Thread 0x000002229ada2200 Unloading class 0x0000000800fbf440 'java/lang/invoke/LambdaForm$MH+0x0000000800fbf440'
Event: 24.693 Thread 0x000002229ada2200 Unloading class 0x0000000800fbf040 'java/lang/invoke/LambdaForm$MH+0x0000000800fbf040'
Event: 24.693 Thread 0x000002229ada2200 Unloading class 0x0000000800fbfc40 'java/lang/invoke/LambdaForm$MH+0x0000000800fbfc40'
Event: 24.693 Thread 0x000002229ada2200 Unloading class 0x0000000800fbf840 'java/lang/invoke/LambdaForm$MH+0x0000000800fbf840'
Event: 24.693 Thread 0x000002229ada2200 Unloading class 0x0000000800fb8440 'java/lang/invoke/LambdaForm$MH+0x0000000800fb8440'

Classes redefined (0 events):
No events

Internal exceptions (20 events):
Event: 3.636 Thread 0x00000222f51afd60 Exception <a 'java/lang/ClassNotFoundException'{0x0000000704a133e0}: org/springframework/boot/task/TaskSchedulerBuilderCustomizer> (0x0000000704a133e0) 
thrown [./open/src/hotspot/share/classfile/systemDictionary.cpp, line 295]
Event: 3.637 Thread 0x00000222f51afd60 Exception <a 'java/lang/ClassNotFoundException'{0x0000000704a22bb0}: java/lang/ObjectCustomizer> (0x0000000704a22bb0) 
thrown [./open/src/hotspot/share/classfile/systemDictionary.cpp, line 295]
Event: 3.637 Thread 0x00000222f51afd60 Exception <a 'java/lang/ClassNotFoundException'{0x0000000704a29878}: org/springframework/boot/autoconfigure/transaction/TransactionAutoConfigurationCustomizer> (0x0000000704a29878) 
thrown [./open/src/hotspot/share/classfile/systemDictionary.cpp, line 295]
Event: 3.639 Thread 0x00000222f51afd60 Exception <a 'java/lang/ClassNotFoundException'{0x0000000704a46050}: java/lang/ObjectCustomizer> (0x0000000704a46050) 
thrown [./open/src/hotspot/share/classfile/systemDictionary.cpp, line 295]
Event: 3.640 Thread 0x00000222f51afd60 Exception <a 'java/lang/ClassNotFoundException'{0x0000000704a4cc08}: org/springframework/boot/autoconfigure/transaction/TransactionPropertiesCustomizer> (0x0000000704a4cc08) 
thrown [./open/src/hotspot/share/classfile/systemDictionary.cpp, line 295]
Event: 3.640 Thread 0x00000222f51afd60 Exception <a 'java/lang/ClassNotFoundException'{0x0000000704a56098}: org/springframework/boot/autoconfigure/transaction/PlatformTransactionManagerCustomizerCustomizer> (0x0000000704a56098) 
thrown [./open/src/hotspot/share/classfile/systemDictionary.cpp, line 295]
Event: 3.641 Thread 0x00000222f51afd60 Exception <a 'java/lang/ClassNotFoundException'{0x0000000704a74de8}: java/lang/ObjectCustomizer> (0x0000000704a74de8) 
thrown [./open/src/hotspot/share/classfile/systemDictionary.cpp, line 295]
Event: 3.641 Thread 0x00000222f51afd60 Exception <a 'java/lang/ClassNotFoundException'{0x0000000704a7bad0}: org/springframework/boot/autoconfigure/transaction/TransactionManagerCustomizersCustomizer> (0x0000000704a7bad0) 
thrown [./open/src/hotspot/share/classfile/systemDictionary.cpp, line 295]
Event: 3.642 Thread 0x00000222f51afd60 Exception <a 'java/lang/ClassNotFoundException'{0x0000000704a82930}: java/lang/ObjectCustomizer> (0x0000000704a82930) 
thrown [./open/src/hotspot/share/classfile/systemDictionary.cpp, line 295]
Event: 3.642 Thread 0x00000222f51afd60 Exception <a 'java/lang/ClassNotFoundException'{0x0000000704a895f8}: org/springframework/boot/autoconfigure/web/client/RestTemplateAutoConfigurationCustomizer> (0x0000000704a895f8) 
thrown [./open/src/hotspot/share/classfile/systemDictionary.cpp, line 295]
Event: 3.643 Thread 0x00000222f51afd60 Exception <a 'java/lang/ClassNotFoundException'{0x0000000704a97768}: java/lang/ObjectCustomizer> (0x0000000704a97768) 
thrown [./open/src/hotspot/share/classfile/systemDictionary.cpp, line 295]
Event: 3.643 Thread 0x00000222f51afd60 Exception <a 'java/lang/ClassNotFoundException'{0x0000000704a9e7c0}: org/springframework/boot/autoconfigure/web/embedded/EmbeddedWebServerFactoryCustomizerAutoConfigurationCustomizer> (0x0000000704a9e7c0) 
thrown [./open/src/hotspot/share/classfile/systemDictionary.cpp, line 295]
Event: 3.644 Thread 0x00000222f51afd60 Exception <a 'java/lang/ClassNotFoundException'{0x0000000704aaa978}: java/lang/ObjectCustomizer> (0x0000000704aaa978) 
thrown [./open/src/hotspot/share/classfile/systemDictionary.cpp, line 295]
Event: 3.645 Thread 0x00000222f51afd60 Exception <a 'java/lang/ClassNotFoundException'{0x0000000704ab1560}: org/springframework/web/multipart/support/StandardServletMultipartResolverCustomizer> (0x0000000704ab1560) 
thrown [./open/src/hotspot/share/classfile/systemDictionary.cpp, line 295]
Event: 3.645 Thread 0x00000222f51afd60 Exception <a 'java/lang/ClassNotFoundException'{0x0000000704ab8e30}: org/springframework/web/multipart/MultipartResolverCustomizer> (0x0000000704ab8e30) 
thrown [./open/src/hotspot/share/classfile/systemDictionary.cpp, line 295]
Event: 3.654 Thread 0x00000222f51afd60 Exception <a 'java/lang/NoSuchMethodError'{0x0000000704b3ad30}: 'java.lang.Object java.lang.invoke.DirectMethodHandle$Holder.invokeSpecial(java.lang.Object, java.lang.Object, int, java.lang.Object, int, java.lang.Object)'> (0x0000000704b3ad30) 
thrown [./open/src/hotspot/share/interpreter/linkResolver.cpp, line 782]
Event: 3.654 Thread 0x00000222f51afd60 Exception <a 'java/lang/NoSuchMethodError'{0x0000000704b43518}: 'java.lang.Object java.lang.invoke.DirectMethodHandle$Holder.newInvokeSpecial(java.lang.Object, java.lang.Object, int, java.lang.Object, int)'> (0x0000000704b43518) 
thrown [./open/src/hotspot/share/interpreter/linkResolver.cpp, line 782]
Event: 3.654 Thread 0x00000222f51afd60 Exception <a 'java/lang/NoSuchMethodError'{0x0000000704b47728}: 'java.lang.Object java.lang.invoke.DirectMethodHandle$Holder.invokeSpecial(java.lang.Object, java.lang.Object, java.lang.Object, int, java.lang.Object, int)'> (0x0000000704b47728) 
thrown [./open/src/hotspot/share/interpreter/linkResolver.cpp, line 782]
Event: 3.655 Thread 0x00000222f51afd60 Exception <a 'java/lang/NoSuchMethodError'{0x0000000704b52210}: 'void java.lang.invoke.DirectMethodHandle$Holder.invokeVirtual(java.lang.Object, java.lang.Object)'> (0x0000000704b52210) 
thrown [./open/src/hotspot/share/interpreter/linkResolver.cpp, line 782]
Event: 23.276 Thread 0x00000222a0ff9f40 Exception <a 'java/lang/reflect/InvocationTargetException'{0x0000000703fad290}> (0x0000000703fad290) 
thrown [./open/src/hotspot/share/runtime/reflection.cpp, line 1157]

Events (20 events):
Event: 42.229 Thread 0x000002229cb2a320 Thread exited: 0x000002229cb2a320
Event: 47.957 Executing VM operation: G1CollectForAllocation
Event: 47.988 Executing VM operation: G1CollectForAllocation done
Event: 48.002 Executing VM operation: G1CollectForAllocation
Event: 48.019 Executing VM operation: G1CollectForAllocation done
Event: 48.050 Executing VM operation: G1CollectForAllocation
Event: 48.072 Executing VM operation: G1CollectForAllocation done
Event: 50.750 loading class org/w3c/dom/Document
Event: 50.750 loading class org/w3c/dom/Document done
Event: 50.777 Thread 0x000002229cb2a320 Thread added: 0x000002229cb2a320
Event: 50.777 Thread 0x000002229cb2bc70 Thread added: 0x000002229cb2bc70
Event: 51.073 Executing VM operation: HandshakeAllThreads
Event: 51.073 Executing VM operation: HandshakeAllThreads done
Event: 51.676 Thread 0x000002229cb2bc70 Thread exited: 0x000002229cb2bc70
Event: 53.365 Thread 0x000002229cb2a320 Thread exited: 0x000002229cb2a320
Event: 62.621 Thread 0x000002229c1675c0 Thread exited: 0x000002229c1675c0
Event: 94.099 Executing VM operation: HandshakeAllThreads
Event: 94.099 Executing VM operation: HandshakeAllThreads done
Event: 104.105 Executing VM operation: HandshakeAllThreads
Event: 104.105 Executing VM operation: HandshakeAllThreads done


Dynamic libraries:
0x00007ff6b1810000 - 0x00007ff6b181d000 	C:\Users\Isseii\.jdks\openjdk-15.0.1\bin\java.exe
0x00007ffb00ba0000 - 0x00007ffb00d90000 	C:\WINDOWS\SYSTEM32\ntdll.dll
0x00007ffaff680000 - 0x00007ffaff732000 	C:\WINDOWS\System32\KERNEL32.DLL
0x00007ffafe8d0000 - 0x00007ffafeb75000 	C:\WINDOWS\System32\KERNELBASE.dll
0x00007ffafbc40000 - 0x00007ffafbccf000 	C:\WINDOWS\SYSTEM32\apphelp.dll
0x00007ffafde30000 - 0x00007ffafdf2a000 	C:\WINDOWS\System32\ucrtbase.dll
0x00007ffad86c0000 - 0x00007ffad86d8000 	C:\Users\Isseii\.jdks\openjdk-15.0.1\bin\jli.dll
0x00007ffad86a0000 - 0x00007ffad86b9000 	C:\Users\Isseii\.jdks\openjdk-15.0.1\bin\VCRUNTIME140.dll
0x00007ffafedc0000 - 0x00007ffafef54000 	C:\WINDOWS\System32\USER32.dll
0x00007ffaef550000 - 0x00007ffaef7d4000 	C:\WINDOWS\WinSxS\amd64_microsoft.windows.common-controls_6595b64144ccf1df_6.0.18362.1139_none_9e7bf2d3e4605ac6\COMCTL32.dll
0x00007ffafdb30000 - 0x00007ffafdb51000 	C:\WINDOWS\System32\win32u.dll
0x00007ffaff8e0000 - 0x00007ffaff97e000 	C:\WINDOWS\System32\msvcrt.dll
0x00007ffb00460000 - 0x00007ffb00486000 	C:\WINDOWS\System32\GDI32.dll
0x00007ffb00820000 - 0x00007ffb00b55000 	C:\WINDOWS\System32\combase.dll
0x00007ffafdc00000 - 0x00007ffafdd96000 	C:\WINDOWS\System32\gdi32full.dll
0x00007ffafdb60000 - 0x00007ffafdbfe000 	C:\WINDOWS\System32\msvcp_win.dll
0x00007ffaff7a0000 - 0x00007ffaff8c0000 	C:\WINDOWS\System32\RPCRT4.dll
0x00007ffafdf80000 - 0x00007ffafe000000 	C:\WINDOWS\System32\bcryptPrimitives.dll
0x00007ffb00490000 - 0x00007ffb004be000 	C:\WINDOWS\System32\IMM32.DLL
0x00007ffad8690000 - 0x00007ffad869c000 	C:\Users\Isseii\.jdks\openjdk-15.0.1\bin\vcruntime140_1.dll
0x00007ffad1860000 - 0x00007ffad18f1000 	C:\Users\Isseii\.jdks\openjdk-15.0.1\bin\msvcp140.dll
0x00007ffa97370000 - 0x00007ffa97ece000 	C:\Users\Isseii\.jdks\openjdk-15.0.1\bin\server\jvm.dll
0x00007ffaff980000 - 0x00007ffaffa23000 	C:\WINDOWS\System32\ADVAPI32.dll
0x00007ffafed20000 - 0x00007ffafedb7000 	C:\WINDOWS\System32\sechost.dll
0x00007ffaff8c0000 - 0x00007ffaff8c8000 	C:\WINDOWS\System32\PSAPI.DLL
0x00007ffaf0a30000 - 0x00007ffaf0a39000 	C:\WINDOWS\SYSTEM32\WSOCK32.dll
0x00007ffaf4d30000 - 0x00007ffaf4d3a000 	C:\WINDOWS\SYSTEM32\VERSION.dll
0x00007ffaf9980000 - 0x00007ffaf99a4000 	C:\WINDOWS\SYSTEM32\WINMM.dll
0x00007ffb00230000 - 0x00007ffb0029f000 	C:\WINDOWS\System32\WS2_32.dll
0x00007ffaf9d20000 - 0x00007ffaf9d4d000 	C:\WINDOWS\SYSTEM32\winmmbase.dll
0x00007ffafdf30000 - 0x00007ffafdf7a000 	C:\WINDOWS\System32\cfgmgr32.dll
0x00007ffafda70000 - 0x00007ffafda81000 	C:\WINDOWS\System32\kernel.appcore.dll
0x00007ffad8680000 - 0x00007ffad868a000 	C:\Users\Isseii\.jdks\openjdk-15.0.1\bin\jimage.dll
0x00007ffaec1b0000 - 0x00007ffaec3a4000 	C:\WINDOWS\SYSTEM32\DBGHELP.DLL
0x00007ffaeb9a0000 - 0x00007ffaeb9ca000 	C:\WINDOWS\SYSTEM32\dbgcore.DLL
0x00007ffad2ec0000 - 0x00007ffad2ee5000 	C:\Users\Isseii\.jdks\openjdk-15.0.1\bin\java.dll
0x00007ffafef80000 - 0x00007ffaff667000 	C:\WINDOWS\System32\SHELL32.dll
0x00007ffaffcb0000 - 0x00007ffaffd59000 	C:\WINDOWS\System32\shcore.dll
0x00007ffafe000000 - 0x00007ffafe780000 	C:\WINDOWS\System32\windows.storage.dll
0x00007ffafdae0000 - 0x00007ffafdb03000 	C:\WINDOWS\System32\profapi.dll
0x00007ffafda90000 - 0x00007ffafdada000 	C:\WINDOWS\System32\powrprof.dll
0x00007ffafda60000 - 0x00007ffafda70000 	C:\WINDOWS\System32\UMPDC.dll
0x00007ffb001d0000 - 0x00007ffb00222000 	C:\WINDOWS\System32\shlwapi.dll
0x00007ffafec30000 - 0x00007ffafec47000 	C:\WINDOWS\System32\cryptsp.dll
0x00007ffad3f00000 - 0x00007ffad3f19000 	C:\Users\Isseii\.jdks\openjdk-15.0.1\bin\net.dll
0x00007ffaf76c0000 - 0x00007ffaf77b0000 	C:\WINDOWS\SYSTEM32\WINHTTP.dll
0x00007ffafd260000 - 0x00007ffafd2c7000 	C:\WINDOWS\system32\mswsock.dll
0x00007ffad2ea0000 - 0x00007ffad2eb2000 	C:\Users\Isseii\.jdks\openjdk-15.0.1\bin\nio.dll
0x00007ffad05c0000 - 0x00007ffad05d8000 	C:\Users\Isseii\.jdks\openjdk-15.0.1\bin\zip.dll
0x00007ffad4300000 - 0x00007ffad4310000 	C:\Users\Isseii\.jdks\openjdk-15.0.1\bin\verify.dll
0x00007ffad3b60000 - 0x00007ffad3b69000 	C:\Users\Isseii\.jdks\openjdk-15.0.1\bin\management.dll
0x00007ffad3780000 - 0x00007ffad378b000 	C:\Users\Isseii\.jdks\openjdk-15.0.1\bin\management_ext.dll
0x00007ffacd090000 - 0x00007ffacd0a6000 	C:\WINDOWS\system32\napinsp.dll
0x00007ffacd070000 - 0x00007ffacd08a000 	C:\WINDOWS\system32\pnrpnsp.dll
0x00007ffafcfc0000 - 0x00007ffafd08b000 	C:\WINDOWS\SYSTEM32\DNSAPI.dll
0x00007ffaff670000 - 0x00007ffaff678000 	C:\WINDOWS\System32\NSI.dll
0x00007ffafcf80000 - 0x00007ffafcfba000 	C:\WINDOWS\SYSTEM32\IPHLPAPI.DLL
0x00007ffaccd00000 - 0x00007ffaccd0e000 	C:\WINDOWS\System32\winrnr.dll
0x00007ffafa600000 - 0x00007ffafa61c000 	C:\WINDOWS\system32\NLAapi.dll
0x00007ffad1550000 - 0x00007ffad1565000 	C:\WINDOWS\system32\wshbth.dll
0x00007ffaf5f30000 - 0x00007ffaf5f3a000 	C:\Windows\System32\rasadhlp.dll
0x00007ffaf8020000 - 0x00007ffaf8097000 	C:\WINDOWS\System32\fwpuclnt.dll
0x00007ffafde00000 - 0x00007ffafde26000 	C:\WINDOWS\System32\bcrypt.dll
0x00007ffafcde0000 - 0x00007ffafce13000 	C:\WINDOWS\system32\rsaenh.dll
0x00007ffafd940000 - 0x00007ffafd965000 	C:\WINDOWS\SYSTEM32\USERENV.dll
0x00007ffafd3e0000 - 0x00007ffafd3ec000 	C:\WINDOWS\SYSTEM32\CRYPTBASE.dll
0x00007ffaf8d40000 - 0x00007ffaf8d56000 	C:\WINDOWS\SYSTEM32\dhcpcsvc6.DLL
0x00007ffaf8cf0000 - 0x00007ffaf8d0c000 	C:\WINDOWS\SYSTEM32\dhcpcsvc.DLL
0x00007ffaec980000 - 0x00007ffaec98d000 	C:\Users\Isseii\.jdks\openjdk-15.0.1\bin\sunmscapi.dll
0x00007ffafe780000 - 0x00007ffafe8c9000 	C:\WINDOWS\System32\CRYPT32.dll
0x00007ffafdb10000 - 0x00007ffafdb22000 	C:\WINDOWS\System32\MSASN1.dll
0x00007ffafd520000 - 0x00007ffafd546000 	C:\WINDOWS\SYSTEM32\ncrypt.dll
0x00007ffafd4e0000 - 0x00007ffafd51b000 	C:\WINDOWS\SYSTEM32\NTASN1.dll

dbghelp: loaded successfully - version: 4.0.5 - missing functions: none
symbol engine: initialized successfully - sym options: 0x614 - pdb path: .;C:\Users\Isseii\.jdks\openjdk-15.0.1\bin;C:\WINDOWS\SYSTEM32;C:\WINDOWS\WinSxS\amd64_microsoft.windows.common-controls_6595b64144ccf1df_6.0.18362.1139_none_9e7bf2d3e4605ac6;C:\Users\Isseii\.jdks\openjdk-15.0.1\bin\server

VM Arguments:
jvm_args: -Dfile.encoding=windows-1250 -Duser.country=PL -Duser.language=pl -Duser.variant 
java_command: com.example.mongodb.nbd.AccessMongoDB
java_class_path (initial): E:\JAVA\mongoNBD\build\classes\java\main;E:\JAVA\mongoNBD\build\resources\main;C:\Users\Isseii\.gradle\caches\modules-2\files-2.1\org.springframework.boot\spring-boot-starter-data-mongodb\2.4.0\defb275bc2fe239b8c6150a53e00e89922104196\spring-boot-starter-data-mongodb-2.4.0.jar;C:\Users\Isseii\.gradle\caches\modules-2\files-2.1\org.springframework.boot\spring-boot-starter-data-rest\2.4.0\758602927686214682612971993519707e8abf27\spring-boot-starter-data-rest-2.4.0.jar;C:\Users\Isseii\.gradle\caches\modules-2\files-2.1\com.google.code.gson\gson\2.8.6\9180733b7df8542621dc12e21e87557e8c99b8cb\gson-2.8.6.jar;C:\Users\Isseii\.gradle\caches\modules-2\files-2.1\org.springframework.boot\spring-boot-starter-web\2.4.0\4bdd422c370d1d66ffc12ecafdecc70cad406367\spring-boot-starter-web-2.4.0.jar;C:\Users\Isseii\.gradle\caches\modules-2\files-2.1\org.springframework.boot\spring-boot-starter-json\2.4.0\e688a97ab229ae5a4a0c3ccb3f4419c9457a25b6\spring-boot-starter-json-2.4.0.jar;C:\Users\Isseii\.gradle\caches\modules-2\files-2.1\org.springframework.boot\spring-boot-starter\2.4.0\26162567b7644e6d245b9d8dcf6fd4efb2bf74f4\spring-boot-starter-2.4.0.jar;C:\Users\Isseii\.gradle\caches\modules-2\files-2.1\org.mongodb\mongodb-driver-sync\4.1.1\15e5e6961f0c1fc774413ee129754f8f6355fb6f\mongodb-driver-sync-4.1.1.jar;C:\Users\Isseii\.gradle\caches\modules-2\files-2.1\org.springframework.data\spring-data-mongodb\3.1.1\cfb8d2af769a3d57b80b6dc2f622007682e4dd0a\spring-data-mongodb-3.1.1.jar;C:\Users\Isseii\.gradle\caches\modules-2\files-2.1\org.springframework.data\spring-data-rest-webmvc\3.4.1\1564c6015248f59c670bd43c9ba09b8a71ced2af\spring-data-rest-webmvc-3.4.1.jar;C:\Users\Isseii\.gradle\caches\modules-2\files-2.1\org.springframework.boot\spring-boot-autoconfigure\2.4.0\e1f7cd3b65e4706fbe3160c76f5815d4dbc79915\spring-boot-autoconfigure-2.4.0.jar;C:\Users\Isseii\.gradle\caches\modules-2\files-2.1\org.springframework.boot\spring-boot\2.4.0\d8c0caa04526c8cc1dfcbb9c5badae3
Launcher Type: SUN_STANDARD

[Global flags]
     intx CICompilerCount                          = 4                                         {product} {ergonomic}
     uint ConcGCThreads                            = 3                                         {product} {ergonomic}
     uint G1ConcRefinementThreads                  = 10                                        {product} {ergonomic}
   size_t G1HeapRegionSize                         = 2097152                                   {product} {ergonomic}
    uintx GCDrainStackTargetSize                   = 64                                        {product} {ergonomic}
   size_t InitialHeapSize                          = 268435456                                 {product} {ergonomic}
   size_t MarkStackSize                            = 4194304                                   {product} {ergonomic}
   size_t MaxHeapSize                              = 4284481536                                {product} {ergonomic}
   size_t MaxNewSize                               = 2569011200                                {product} {ergonomic}
   size_t MinHeapDeltaBytes                        = 2097152                                   {product} {ergonomic}
   size_t MinHeapSize                              = 8388608                                   {product} {ergonomic}
    uintx NonNMethodCodeHeapSize                   = 5839372                                {pd product} {ergonomic}
    uintx NonProfiledCodeHeapSize                  = 122909434                              {pd product} {ergonomic}
    uintx ProfiledCodeHeapSize                     = 122909434                              {pd product} {ergonomic}
    uintx ReservedCodeCacheSize                    = 251658240                              {pd product} {ergonomic}
     bool SegmentedCodeCache                       = true                                      {product} {ergonomic}
   size_t SoftMaxHeapSize                          = 4284481536                             {manageable} {ergonomic}
     bool UseCompressedClassPointers               = true                                 {lp64_product} {ergonomic}
     bool UseCompressedOops                        = true                                 {lp64_product} {ergonomic}
     bool UseG1GC                                  = true                                      {product} {ergonomic}
     bool UseLargePagesIndividualAllocation        = false                                  {pd product} {ergonomic}

Logging:
Log output configuration:
 #0: stdout all=warning uptime,level,tags
 #1: stderr all=off uptime,level,tags

Environment Variables:
CLASSPATH=C:\Program Files\Java\jre1.8.0_191\lib
PATH=C:\Program Files (x86)\Common Files\Oracle\Java\javapath;C:\WINDOWS\system32;C:\WINDOWS;C:\WINDOWS\System32\Wbem;C:\WINDOWS\System32\WindowsPowerShell\v1.0\;C:\Program Files (x86)\NVIDIA Corporation\PhysX\Common;C:\WINDOWS\System32\OpenSSH\;C:\Program Files\Git\cmd;C:\Program Files\NVIDIA Corporation\NVIDIA NvDLISR;C:\Users\Isseii\AppData\Local\Programs\Python\Python37\;C:\Users\Isseii\AppData\Local\Programs\Python\Python37\Scripts\;C:\WINDOWS\system32;C:\WINDOWS;C:\WINDOWS\System32\Wbem;C:\WINDOWS\System32\WindowsPowerShell\v1.0\;C:\WINDOWS\System32\OpenSSH\;C:\Program Files\Microsoft SQL Server\Client SDK\ODBC\170\Tools\Binn\;C:\Program Files (x86)\Microsoft SQL Server\150\Tools\Binn\;C:\Program Files\Microsoft SQL Server\150\Tools\Binn\;C:\Program Files\Microsoft SQL Server\150\DTS\Binn\;C:\Program Files (x86)\Microsoft SQL Server\150\DTS\Binn\;C:\Program Files\dotnet\;C:\Program Files\Microsoft SQL Server\130\Tools\Binn\;E:\Studia\NBD\bin\;C:\Gradle\gradle-6.6.1\bin\;C:\Users\Isseii\AppData\Local\Programs\Python\Python38-32\Scripts\;C:\Users\Isseii\AppData\Local\Programs\Python\Python38-32\;C:\Users\Isseii\AppData\Local\Programs\Python\Python37\Scripts\;C:\Users\Isseii\AppData\Local\Programs\Python\Python37\;C:\Program Files\Java\jdk-13\bin;C:\Users\Isseii\AppData\Local\Programs\Microsoft VS Code\bin;C:\Program Files\JetBrains\CLion 2019.2.4\bin;;C:\Users\Isseii\AppData\Local\Microsoft\WindowsApps;C:\Program Files (x86)\FAHClient;C:\Users\Isseii\.dotnet\tools;C:\Users\Isseii\AppData\Local\GitHubDesktop\bin;E:\Studia\NBD\bin\;C:\Gradle\gradle-6.6.1\bin\;
USERNAME=Isseii
OS=Windows_NT
PROCESSOR_IDENTIFIER=AMD64 Family 23 Model 1 Stepping 1, AuthenticAMD



---------------  S Y S T E M  ---------------

OS:
 Windows 10 , 64 bit Build 18362 (10.0.18362.1110)
OS uptime: 1 days 2:13 hours
HyperV virtualization detected

CPU: total 12 (initial active 12) (12 cores per cpu, 2 threads per core) family 23 model 1 stepping 1 microcode 0x0, cmov, cx8, fxsr, mmx, sse, sse2, sse3, ssse3, sse4.1, sse4.2, popcnt, vzeroupper, avx, avx2, aes, clmul, 3dnowpref, lzcnt, sse4a, ht, tsc, tscinvbit, tscinv, bmi1, bmi2, adx, sha, fma, clflush, clflushopt

Memory: 4k page, system-wide physical 16339M (574M free)
TotalPageFile size 31423M (AvailPageFile size 0M)
current process WorkingSet (physical memory assigned to process): 580M, peak: 590M
current process commit charge ("private bytes"): 798M, peak: 829M

vm_info: OpenJDK 64-Bit Server VM (15.0.1+9-18) for windows-amd64 JRE (15.0.1+9-18), built on Sep 15 2020 14:39:31 by "mach5one" with unknown MS VC++:1925

END.
